1734368261.903005: 19377-7f5718f9e740: cdpl_log.c:231: in cdpl_log_open(): info: @@start_of_log@@
1734368261.903027: 19377-7f5718f9e740: cdpl_log.c:869: in cdpl_log_dump_sysinfo(): info: time: 2024/12/16 17:57:41 CET +0100
1734368261.903032: 19377-7f5718f9e740: cdpl_log.c:871: in cdpl_log_dump_sysinfo(): info: version: T-2022.03-SP1-2 
1734368261.903035: 19377-7f5718f9e740: cdpl_log.c:873: in cdpl_log_dump_sysinfo(): info: system: Linux 3.10.0-1160.92.1.el7.x86_64 #1 SMP Tue Jun 20 11:48:01 UTC 2023
1734368261.903039: 19377-7f5718f9e740: cdpl_log.c:878: in cdpl_log_dump_sysinfo(): info: processor: x86_64 64-bits
1734368261.903042: 19377-7f5718f9e740: cdpl_log.c:882: in cdpl_log_dump_sysinfo(): info: hostname: po.polito.it
1734368261.903045: 19377-7f5718f9e740: cdpl_log.c:233: in cdpl_log_open(): debug: path: /home/s329514/TestingAssignment/cv32e40p_assignments/run/vc-z01x/fcm.dir/session0001_2024-12-16-17:57:41_po.polito.it_PID19326/cdpl/worker.W1.po.polito.it.19377.log
1734368261.903048: 19377-7f5718f9e740: cdpl_log.c:234: in cdpl_log_open(): debug: dir: /home/s329514/TestingAssignment/cv32e40p_assignments/run/vc-z01x/fcm.dir/session0001_2024-12-16-17:57:41_po.polito.it_PID19326/cdpl
1734368261.903056: 19377-7f5718f9e740: cdpl_worker.c:916: in cdpl_wk_new(): info: creating worker instance
1734368261.903069: 19377-7f5718f9e740: cdpl_ipc.c:3090: in cdpl_ipc_init(): info: requesting IPv4 protocol
1734368261.904072: 19377-7f5718f9e740: cdpl_ipc.c:807: in _selectaddrfamily(): info: selected IPv4 protocol
1734368261.905733: 19377-7f5718f9e740: cdpl_worker.c:1150: in cdpl_wk_start(): debug: starting worker
1734368261.905774: 19377-7f5718f9e740: cdpl_worker.c:329: in cdpl_wk_setup(): info: CDPL_SERVER is "130.192.163.95:43551"
1734368261.905780: 19377-7f5718f9e740: cdpl_worker.c:351: in cdpl_wk_setup(): info: server 130.192.163.95, port 43551
1734368261.905784: 19377-7f5718f9e740: cdpl_worker.c:372: in cdpl_wk_setup(): info: CDPL_ID is "1:1:1:1:935432027"
1734368261.905803: 19377-7f5718f9e740: cdpl_worker.c:414: in cdpl_wk_setup(): info: we are W1-B1-J1-M1-S935432027
1734368261.905806: 19377-7f5718f9e740: cdpl_worker.c:422: in cdpl_wk_setup(): info: we are on host po.polito.it
1734368261.905809: 19377-7f5718f9e740: cdpl_worker.c:448: in cdpl_wk_daemonize(): debug: will *not* daemonize
1734368261.905815: 19377-7f5718f9e740: cdpl_ipc.c:3394: in cdpl_ipc_connect(): info: connecting to 130.192.163.95:43551
1734368261.905960: 19377-7f5718f9e740: cdpl_ipc.c:3465: in cdpl_ipc_connect(): info: connected as `130.192.163.95:52232'
1734368261.905975: 19377-7f5718f9e740: cdpl_ipc.c:2231: in cdpl_ipc_host_accept(): debug: accepted host `130.192.163.95:43551'
1734368261.905991: 19377-7f5718f9e740: cdpl_ipc.c:3237: in cdpl_ipc_start(): debug: starting IPC server 130.192.163.95:39725
1734368261.906113: 19377-7f5718f9e740: cdpl_compat_worker.c:433: in cdplStartWorker(): info: SNPSLMD_LICENSE_FILE is 27020@led-x3850-3.polito.it
1734368261.906153: 19377-7f5717274700: cdpl_worker.c:716: in cdpl_wk_listen(): debug: ready
1734368261.906198: 19377-7f5716a73700: cdpl_worker.c:844: in cdpl_wk_heartbeat(): debug: starting heartbeat
1734368261.906218: 19377-7f5716a73700: cdpl_worker.c:853: in cdpl_wk_heartbeat(): info: setting heartbeat period to 300 sec
1734368261.906223: 19377-7f5716a73700: cdpl_worker.c:861: in cdpl_wk_heartbeat(): info: first heartbeat in 1 sec
1734368261.908529: 19377-7f5717274700: cdpl_worker.c:773: in cdpl_wk_listen(): debug: received ASSIGN message
1734368261.908591: 19377-7f5718f9e740: cdpl_worker.c:1317: in cdpl_wk_wait_timeout(): info: starting task T0
1734368350.936769: 19377-7f5718f9e740: cdpl_ipc.c:2329: in cdpl_ipc_host_timedsync(): debug: entering cdpl_ipc_host_timedsync() with no timeout
1734368350.936785: 19377-7f5718f9e740: cdpl_ipc.c:2355: in cdpl_ipc_host_timedsync(): debug: sync start #1
1734368350.937749: 19377-7f5717274700: cdpl_ipc.c:2636: in cdpl_ipc_msg_wait(): debug: received ACK
1734368350.937811: 19377-7f5718f9e740: cdpl_ipc.c:2385: in cdpl_ipc_host_timedsync(): debug: sync end #1
1734368350.937824: 19377-7f5718f9e740: cdpl_ipc.c:2414: in cdpl_ipc_host_timedsync(): debug: leaving cdpl_ipc_host_timedsync()
1734368350.937922: 19377-7f5718f9e740: cdpl_worker.c:1433: in cdpl_wk_finalize(): info: finishing task T0
1734368350.938228: 19377-7f5717274700: cdpl_worker.c:773: in cdpl_wk_listen(): debug: received ASSIGN message
1734368350.938259: 19377-7f5718f9e740: cdpl_worker.c:1317: in cdpl_wk_wait_timeout(): info: starting task T1
1734368356.944311: 19377-7f5718f9e740: cdpl_ipc.c:2329: in cdpl_ipc_host_timedsync(): debug: entering cdpl_ipc_host_timedsync() with no timeout
1734368356.944324: 19377-7f5718f9e740: cdpl_ipc.c:2355: in cdpl_ipc_host_timedsync(): debug: sync start #2
1734368356.944598: 19377-7f5717274700: cdpl_ipc.c:2636: in cdpl_ipc_msg_wait(): debug: received ACK
1734368356.944682: 19377-7f5718f9e740: cdpl_ipc.c:2385: in cdpl_ipc_host_timedsync(): debug: sync end #2
1734368356.944693: 19377-7f5718f9e740: cdpl_ipc.c:2414: in cdpl_ipc_host_timedsync(): debug: leaving cdpl_ipc_host_timedsync()
1734368356.944773: 19377-7f5718f9e740: cdpl_worker.c:1433: in cdpl_wk_finalize(): info: finishing task T1
1734368357.895140: 19377-7f5717a75700: cdpl_ipc.c:745: in _readv(): warning: read(): EOF
1734368357.895181: 19377-7f5717a75700: cdpl_ipc.c:1917: in _epoll_recv(): debug: _readv(): Broken pipe
1734368357.895187: 19377-7f5717a75700: cdpl_ipc.c:2152: in _epoll_main(): debug: _epoll_recv(): Broken pipe
1734368357.895194: 19377-7f5717a75700: cdpl_ipc.c:1474: in _host_drop__UNSAFE(): debug: dropping host `130.192.163.95:43551'
1734368357.895248: 19377-7f5717274700: cdpl_worker.c:749: in cdpl_wk_listen(): debug: received DROP notification
1734368357.895254: 19377-7f5717274700: cdpl_worker.c:753: in cdpl_wk_listen(): debug: we were dropped by the server
1734368357.895258: 19377-7f5717274700: cdpl_worker.c:568: in _wk_kill(): debug: killing worker
1734368357.895261: 19377-7f5717274700: cdpl_ipc.c:3282: in cdpl_ipc_kill(): debug: stopping event server
1734368357.895283: 19377-7f5717274700: cdpl_worker.c:730: in cdpl_wk_listen(): debug: leaving now
1734368357.895350: 19377-7f5718f9e740: cdpl_ipc.c:1255: in _ipc_enqueue__UNSAFE(): error: host has been dropped
1734368357.895398: 19377-7f5718f9e740: cdpl_worker.c:1635: in cdpl_wk_msgsend(): error: cdpl_ipc_send(): Transport endpoint is not connected
1734368357.895419: 19377-7f5718f9e740: cdpl_worker.c:1049: in _wk_shutdown(): debug: waiting for heartbeat thread
1734368357.895475: 19377-7f5716a73700: cdpl_worker.c:897: in cdpl_wk_heartbeat(): info: stopping heartbeat
1734368357.895605: 19377-7f5718f9e740: cdpl_ipc.c:2249: in cdpl_ipc_host_release(): debug: releasing host `130.192.163.95:43551'
1734368357.895619: 19377-7f5718f9e740: cdpl_ipc.c:2265: in cdpl_ipc_host_release(): debug: scheduling for immediate release
1734368357.895633: 19377-7f5718f9e740: cdpl_monitor.c:1328: in cdpl_mn_free(): debug: freeing monitor server
1734368357.895637: 19377-7f5718f9e740: cdpl_ipc.c:3327: in cdpl_ipc_free(): debug: waiting for event server to shutdown
1734368357.895804: 19377-7f5717a75700: cdpl_ipc.c:2188: in _epoll_main(): debug: server going down...
1734368357.895845: 19377-7f5718f9e740: cdpl_ipc.c:3333: in cdpl_ipc_free(): debug: releasing IPC handle
1734368357.895852: 19377-7f5718f9e740: cdpl_ipc.c:1399: in _host_free__UNSAFE(): debug: freeing host `130.192.163.95:43551'
1734368357.895857: 19377-7f5718f9e740: cdpl_ipc.c:1438: in _host_free__UNSAFE(): debug: [0 outq, 0 spR, 0 spW]
1734368357.895876: 19377-7f5718f9e740: cdpl_ipc.c:3372: in cdpl_ipc_free(): debug: done
1734368357.895884: 19377-7f5718f9e740: cdpl_worker.c:1137: in cdpl_wk_free(): info: freed
1734368357.895893: 19377-7f5718f9e740: cdpl_log.c:374: in cdpl_log_close(): info: @@end_of_log@@
