2024-12-13 - 17:44:50.55 - @@@ begin of log @@@


================================================================================
             Fault Campaign Manager Worker Log
    Release: U-2023.03-SP2-1; Built: Oct 13 2023, 20:53:49
================================================================================


--------------------------------------------------------------------------------
  Hostname: po.polito.it
  Linux version 3.10.0-1160.92.1.el7.x86_64 (mockbuild@kbuilder.bsys.centos.org) (gcc version 4.8.5 20150623 (Red Hat 4.8.5-44) (GCC) ) #1 SMP Tue Jun 20 11:48:01 UTC 2023
  CentOS Linux release 7.9.2009 (Core)
  GNU bash, version 4.2.46(2)-release (x86_64-redhat-linux-gnu)
--------------------------------------------------------------------------------
OS imposed limits:
core file size          (blocks, -c) 0
data seg size           (kbytes, -d) unlimited
scheduling priority             (-e) 0
file size               (blocks, -f) unlimited
pending signals                 (-i) 63410
max locked memory       (kbytes, -l) 64
max memory size         (kbytes, -m) unlimited
open files                      (-n) 4096
pipe size            (512 bytes, -p) 8
POSIX message queues     (bytes, -q) 819200
real-time priority              (-r) 0
stack size              (kbytes, -s) 8192
cpu time               (seconds, -t) unlimited
max user processes              (-u) 4096
virtual memory          (kbytes, -v) unlimited
file locks                      (-x) unlimited
--------------------------------------------------------------------------------
libc version:
glibc
#define __GLIBC__ 2
#define __GLIBC_MINOR__ 17
--------------------------------------------------------------------------------
current working directory:    /home/s329514/TestingAssignment/cv32e40p_assignments/run/vc-z01x
SNPS_FUSA_FCM_START_DIR:      /home/s329514/TestingAssignment/cv32e40p_assignments/run/vc-z01x
SNPS_FUSA_TASK_PRIVATE_DIR:   <not set>
SNPS_FUSA_FCM_WORKER_LOG_DIR: /home/s329514/TestingAssignment/cv32e40p_assignments/run/vc-z01x/fcm.dir/session0001_2024-12-13-17:44:50_po.polito.it_PID32606/worker
log file:                     /home/s329514/TestingAssignment/cv32e40p_assignments/run/vc-z01x/fcm.dir/session0001_2024-12-13-17:44:50_po.polito.it_PID32606/worker/fcm_worker.2024-12-13-17:44:50_po.polito.it_32680.log
PATH:                         /opt/corev/bin:/opt/riscv/bin:/opt/synopsys/verdi/U-2023.03-SP2-1/bin:/opt/synopsys/vcs/U-2023.03-SP2-1/bin:/home/s329514/.vscode-server/cli/servers/Stable-912bb683695358a54ae0c670461738984cbb5b95/server/bin/remote-cli:/opt/corev/bin:/opt/riscv/bin:/opt/synopsys/verdi/U-2023.03-SP2-1/bin:/opt/synopsys/vcs/U-2023.03-SP2-1/bin:/opt/corev/bin:/opt/riscv/bin:/opt/synopsys/verdi/U-2023.03-SP2-1/bin:/opt/synopsys/vcs/U-2023.03-SP2-1/bin:/usr/local/bin:/usr/bin:/eda/Siemens/2022-23/RHELx86/QUESTA-CORE-PRIME_2022.4/questasim/linux_x86_64:/eda/synopsys/2022-23/RHELx86/LC_2022.12/bin:/eda/synopsys/2022-23/RHELx86/PRIMEPOWER_2022.12/bin:/eda/synopsys/2022-23/RHELx86/PT_2022.12/bin:/eda/synopsys/2022-23/RHELx86/SPYGLASS_2022.06-SP2/SPYGLASS_HOME/bin:/eda/synopsys/2022-23/RHELx86/SYN_2022.12/bin:/eda/synopsys/2022-23/RHELx86/Z01X_2022.06-SP2/bin:/opt/synopsys/txs/V-2023.12-SP1/bin:/usr/local/sbin:/usr/sbin:/eda/Siemens/2022-23/RHELx86/QUESTA-CORE-PRIME_2022.4/questasim/linux_x86_64:/eda/synopsys/2022-23/RHELx86/LC_2022.12/bin:/eda/synopsys/2022-23/RHELx86/PRIMEPOWER_2022.12/bin:/eda/synopsys/2022-23/RHELx86/PT_2022.12/bin:/eda/synopsys/2022-23/RHELx86/SPYGLASS_2022.06-SP2/SPYGLASS_HOME/bin:/eda/synopsys/2022-23/RHELx86/SYN_2022.12/bin:/eda/synopsys/2022-23/RHELx86/Z01X_2022.06-SP2/bin:/opt/synopsys/txs/V-2023.12-SP1/bin:/home/s329514/.local/bin:/home/s329514/bin:/eda/Siemens/2022-23/RHELx86/QUESTA-CORE-PRIME_2022.4/questasim/linux_x86_64:/eda/synopsys/2022-23/RHELx86/LC_2022.12/bin:/eda/synopsys/2022-23/RHELx86/PRIMEPOWER_2022.12/bin:/eda/synopsys/2022-23/RHELx86/PT_2022.12/bin:/eda/synopsys/2022-23/RHELx86/SPYGLASS_2022.06-SP2/SPYGLASS_HOME/bin:/eda/synopsys/2022-23/RHELx86/SYN_2022.12/bin:/eda/synopsys/2022-23/RHELx86/Z01X_2022.06-SP2/bin:/opt/synopsys/txs/V-2023.12-SP1/bin
VCS_HOME:                     /opt/synopsys/vcs/U-2023.03-SP2-1
VERDI_HOME:                   /opt/synopsys/verdi/U-2023.03-SP2-1
PGSQL_HOME:                   <not set>
VC_FSM_HOME:                  <not set>
--------------------------------------------------------------------------------
All environment variables:
   1 SYNOPSYS_LC_ROOT=/eda/synopsys/2022-23/RHELx86/LC_2022.03-SP5/
   2 MANPATH=/opt/synopsys/vcs/U-2023.03-SP2-1/doc/man:
   3 XDG_SESSION_ID=14362
   4 TERM_PROGRAM=vscode
   5 HOSTNAME=po.polito.it
   6 SYNOPSYS_TMAX=/opt/synopsys/txs/V-2023.12-SP1
   7 FSIM=1 
   8 SNPS_SYN=/eda/synopsys/2022-23/RHELx86/SYN_2022.12
   9 FSDB_VCS_ENABLE_NATIVE_VC=1
   10 SSL_CERT_FILE=/etc/pki/ca-trust/extracted/pem/tls-ca-bundle.pem
   11 SNPS_LC=/eda/synopsys/2022-23/RHELx86/LC_2022.12
   12 PULP_RISCV_GCC_TOOLCHAIN=/opt/riscv
   13 NOVAS_HOME=/opt/synopsys/verdi/U-2023.03-SP2-1
   14 TERM=xterm-256color
   15 SHELL=/bin/bash
   16 CDPL_LOGDIR=/home/s329514/TestingAssignment/cv32e40p_assignments/run/vc-z01x/fcm.dir/session0001_2024-12-13-17:44:50_po.polito.it_PID32606/cdpl
   17 HISTSIZE=1000
   18 TB_CLK_NS=10.0
   19 MAKEFLAGS=
   20 SSH_CLIENT=93.39.144.129 20835 22
   21 DESIGN_RTL_DIR=/home/s329514/TestingAssignment/cv32e40p_assignments/example_tb/core/../../rtl
   22 SNPS_FUSA_WRITE_FAULT_RESULTS_FROM_FCM=1
   23 TERM_PROGRAM_VERSION=1.95.0
   24 SYN_PPOWER=/eda/synopsys/2022-23/RHELx86/PRIMEPOWER_2022.12
   25 TB_DIR=/home/s329514/TestingAssignment/cv32e40p_assignments/example_tb/core
   26 QUESTASIM_HOME=/eda/Siemens/2022-23/RHELx86/QUESTA-CORE-PRIME_2022.4/questasim/linux_x86_64
   27 FSDB_GATE=0
   28 VCS_TARGET_ARCH=amd64
   29 SNPS_FUSA_FCM_WORKER_TIMEOUT=21600
   30 FSDB_PACKED_MODE=0
   31 CDPL_HEARTBEAT=300
   32 VCS_WORK_DIR=/home/s329514/TestingAssignment/cv32e40p_assignments/run/vcs
   33 SNPS_TMAX=/opt/synopsys/txs/V-2023.12-SP1
   34 LC_ALL=C
   35 SG_HTML_BROWSER=/usr/bin/firefox
   36 ZOIXHOME=/eda/synopsys/2022-23/RHELx86/Z01X_2022.06-SP2
   37 QT_GRAPHICSSYSTEM_CHECKED=1
   38 USER=s329514
   39 LD_LIBRARY_PATH=:/eda/synopsys/2022-23/RHELx86/LC_2022.12linux64/lc/shlib
   40 MTI_HOME=/eda/Siemens/2022-23/RHELx86/QUESTA-CORE-PRIME_2022.4/questasim/linux_x86_64
   41 LS_COLORS=rs=0:di=38;5;27:ln=38;5;51:mh=44;38;5;15:pi=40;38;5;11:so=38;5;13:do=38;5;5:bd=48;5;232;38;5;11:cd=48;5;232;38;5;3:or=48;5;232;38;5;9:mi=05;48;5;232;38;5;15:su=48;5;196;38;5;15:sg=48;5;11;38;5;16:ca=48;5;196;38;5;226:tw=48;5;10;38;5;16:ow=48;5;10;38;5;21:st=48;5;21;38;5;15:ex=38;5;34:*.tar=38;5;9:*.tgz=38;5;9:*.arc=38;5;9:*.arj=38;5;9:*.taz=38;5;9:*.lha=38;5;9:*.lz4=38;5;9:*.lzh=38;5;9:*.lzma=38;5;9:*.tlz=38;5;9:*.txz=38;5;9:*.tzo=38;5;9:*.t7z=38;5;9:*.zip=38;5;9:*.z=38;5;9:*.Z=38;5;9:*.dz=38;5;9:*.gz=38;5;9:*.lrz=38;5;9:*.lz=38;5;9:*.lzo=38;5;9:*.xz=38;5;9:*.bz2=38;5;9:*.bz=38;5;9:*.tbz=38;5;9:*.tbz2=38;5;9:*.tz=38;5;9:*.deb=38;5;9:*.rpm=38;5;9:*.jar=38;5;9:*.war=38;5;9:*.ear=38;5;9:*.sar=38;5;9:*.rar=38;5;9:*.alz=38;5;9:*.ace=38;5;9:*.zoo=38;5;9:*.cpio=38;5;9:*.7z=38;5;9:*.rz=38;5;9:*.cab=38;5;9:*.jpg=38;5;13:*.jpeg=38;5;13:*.gif=38;5;13:*.bmp=38;5;13:*.pbm=38;5;13:*.pgm=38;5;13:*.ppm=38;5;13:*.tga=38;5;13:*.xbm=38;5;13:*.xpm=38;5;13:*.tif=38;5;13:*.tiff=38;5;13:*.png=38;5;13:*.svg=38;5;13:*.svgz=38;5;13:*.mng=38;5;13:*.pcx=38;5;13:*.mov=38;5;13:*.mpg=38;5;13:*.mpeg=38;5;13:*.m2v=38;5;13:*.mkv=38;5;13:*.webm=38;5;13:*.ogm=38;5;13:*.mp4=38;5;13:*.m4v=38;5;13:*.mp4v=38;5;13:*.vob=38;5;13:*.qt=38;5;13:*.nuv=38;5;13:*.wmv=38;5;13:*.asf=38;5;13:*.rm=38;5;13:*.rmvb=38;5;13:*.flc=38;5;13:*.avi=38;5;13:*.fli=38;5;13:*.flv=38;5;13:*.gl=38;5;13:*.dl=38;5;13:*.xcf=38;5;13:*.xwd=38;5;13:*.yuv=38;5;13:*.cgm=38;5;13:*.emf=38;5;13:*.axv=38;5;13:*.anx=38;5;13:*.ogv=38;5;13:*.ogx=38;5;13:*.aac=38;5;45:*.au=38;5;45:*.flac=38;5;45:*.mid=38;5;45:*.midi=38;5;45:*.mka=38;5;45:*.mp3=38;5;45:*.mpc=38;5;45:*.ogg=38;5;45:*.ra=38;5;45:*.wav=38;5;45:*.axa=38;5;45:*.oga=38;5;45:*.spx=38;5;45:*.xspf=38;5;45:
   42 FIRMWARE=/home/s329514/TestingAssignment/cv32e40p_assignments/sbst/sbst.hex
   43 MTI_VCO_MODE=64
   44 MAKELEVEL=1
   45 SNPSLMD_LICENSE_FILE=27020@led-x3850-3.polito.it
   46 SNPS_FUSA_FCM_START_DIR=/home/s329514/TestingAssignment/cv32e40p_assignments/run/vc-z01x
   47 MFLAGS=
   48 MAIL=/var/spool/mail/s329514
   49 PATH=/opt/corev/bin:/opt/riscv/bin:/opt/synopsys/verdi/U-2023.03-SP2-1/bin:/opt/synopsys/vcs/U-2023.03-SP2-1/bin:/home/s329514/.vscode-server/cli/servers/Stable-912bb683695358a54ae0c670461738984cbb5b95/server/bin/remote-cli:/opt/corev/bin:/opt/riscv/bin:/opt/synopsys/verdi/U-2023.03-SP2-1/bin:/opt/synopsys/vcs/U-2023.03-SP2-1/bin:/opt/corev/bin:/opt/riscv/bin:/opt/synopsys/verdi/U-2023.03-SP2-1/bin:/opt/synopsys/vcs/U-2023.03-SP2-1/bin:/usr/local/bin:/usr/bin:/eda/Siemens/2022-23/RHELx86/QUESTA-CORE-PRIME_2022.4/questasim/linux_x86_64:/eda/synopsys/2022-23/RHELx86/LC_2022.12/bin:/eda/synopsys/2022-23/RHELx86/PRIMEPOWER_2022.12/bin:/eda/synopsys/2022-23/RHELx86/PT_2022.12/bin:/eda/synopsys/2022-23/RHELx86/SPYGLASS_2022.06-SP2/SPYGLASS_HOME/bin:/eda/synopsys/2022-23/RHELx86/SYN_2022.12/bin:/eda/synopsys/2022-23/RHELx86/Z01X_2022.06-SP2/bin:/opt/synopsys/txs/V-2023.12-SP1/bin:/usr/local/sbin:/usr/sbin:/eda/Siemens/2022-23/RHELx86/QUESTA-CORE-PRIME_2022.4/questasim/linux_x86_64:/eda/synopsys/2022-23/RHELx86/LC_2022.12/bin:/eda/synopsys/2022-23/RHELx86/PRIMEPOWER_2022.12/bin:/eda/synopsys/2022-23/RHELx86/PT_2022.12/bin:/eda/synopsys/2022-23/RHELx86/SPYGLASS_2022.06-SP2/SPYGLASS_HOME/bin:/eda/synopsys/2022-23/RHELx86/SYN_2022.12/bin:/eda/synopsys/2022-23/RHELx86/Z01X_2022.06-SP2/bin:/opt/synopsys/txs/V-2023.12-SP1/bin:/home/s329514/.local/bin:/home/s329514/bin:/eda/Siemens/2022-23/RHELx86/QUESTA-CORE-PRIME_2022.4/questasim/linux_x86_64:/eda/synopsys/2022-23/RHELx86/LC_2022.12/bin:/eda/synopsys/2022-23/RHELx86/PRIMEPOWER_2022.12/bin:/eda/synopsys/2022-23/RHELx86/PT_2022.12/bin:/eda/synopsys/2022-23/RHELx86/SPYGLASS_2022.06-SP2/SPYGLASS_HOME/bin:/eda/synopsys/2022-23/RHELx86/SYN_2022.12/bin:/eda/synopsys/2022-23/RHELx86/Z01X_2022.06-SP2/bin:/opt/synopsys/txs/V-2023.12-SP1/bin
   50 FLEXLM_BORROWFILE=/home/s329514/.po.polito.it-borrow.txt
   51 SNPS_Z01X=/eda/synopsys/2022-23/RHELx86/Z01X_2022.06-SP2
   52 SNPS_FDB_STORAGE_PATH=/home/s329514/TestingAssignment/cv32e40p_assignments/run/vc-z01x/fdb
   53 VERDI_HOME=/opt/synopsys/verdi/U-2023.03-SP2-1
   54 PWD=/home/s329514/TestingAssignment/cv32e40p_assignments/run/vc-z01x
   55 VCS_HOME=/opt/synopsys/vcs/U-2023.03-SP2-1
   56 LANG=en_US.UTF-8
   57 CDPL_WORKERID=1
   58 SG_PDF_VIEWER=/usr/bin/xpdf
   59 MODEL_TECH=/eda/Siemens/2022-23/RHELx86/QUESTA-CORE-PRIME_2022.4/questasim/linux_x86_64
   60 KDEDIRS=/usr
   61 SYN_CLK_NS=5.0
   62 VSCODE_GIT_ASKPASS_EXTRA_ARGS=
   63 SNPS_PT=/eda/synopsys/2022-23/RHELx86/PT_2022.12
   64 FSDB_DELTA=0
   65 FSDB_DYNAMIC_ALIAS=0
   66 LM_LICENSE_FILE=27020@led-x3850-3.polito.it:1717@led-x3850-3.polito.it
   67 SSL_CERT_DIR=/etc/pki/tls/certs
   68 HISTCONTROL=ignoredups
   69 SHLVL=8
   70 RISCV=/opt/riscv
   71 HOME=/home/s329514
   72 VSCODE_GIT_ASKPASS_MAIN=/home/s329514/.vscode-server/cli/servers/Stable-912bb683695358a54ae0c670461738984cbb5b95/server/extensions/git/dist/askpass-main.js
   73 LOGNAME=s329514
   74 SPYGLASS_HOME=/eda/synopsys/2022-23/RHELx86/SPYGLASS_2022.06-SP2/SPYGLASS_HOME
   75 CVS_RSH=ssh
   76 CDPL_SERVER=130.192.163.95:37141
   77 VSCODE_GIT_IPC_HANDLE=/run/user/329514/vscode-git-b160659b9d.sock
   78 SSH_CONNECTION=93.39.144.129 20835 130.192.163.95 22
   79 XDG_DATA_DIRS=/home/s329514/.local/share/flatpak/exports/share:/var/lib/flatpak/exports/share:/usr/local/share:/usr/share
   80 VSCODE_IPC_HOOK_CLI=/run/user/329514/vscode-ipc-c5d388c8-89ac-4367-a7c8-3ce70af2929d.sock
   81 SNPS_FUSA_FCM_WORKER_LOG_DIR=/home/s329514/TestingAssignment/cv32e40p_assignments/run/vc-z01x/fcm.dir/session0001_2024-12-13-17:44:50_po.polito.it_PID32606/worker
   82 LESSOPEN=||/usr/bin/lesspipe.sh %s
   83 BROWSER=/home/s329514/.vscode-server/cli/servers/Stable-912bb683695358a54ae0c670461738984cbb5b95/server/bin/helpers/browser.sh
   84 SYNOPSYS_SYN_ROOT=/eda/synopsys/2022-23/RHELx86/SYN_2022.12
   85 GIT_ASKPASS=/home/s329514/.vscode-server/cli/servers/Stable-912bb683695358a54ae0c670461738984cbb5b95/server/extensions/git/dist/askpass.sh
   86 VSCODE_GIT_ASKPASS_NODE=/home/s329514/.vscode-server/cli/servers/Stable-912bb683695358a54ae0c670461738984cbb5b95/server/node
   87 COREV=YES
   88 XDG_RUNTIME_DIR=/run/user/329514
   89 CDPL_ID=1:1:1:1:582776731
   90 SNPS_FUSA_FCM_WORKER_STARTED_FILE=/home/s329514/TestingAssignment/cv32e40p_assignments/run/vc-z01x/fcm.dir/session0001_2024-12-13-17:44:50_po.polito.it_PID32606/worker/worker_started
   91 QT_PLUGIN_PATH=/usr/lib64/kde4/plugins:/usr/lib/kde4/plugins
   92 VERDI3_NEW_INTERACTIVE_DEBUG=
   93 FSDB_PLI_EXIT_LOAD_FAIL=1
   94 CDPL_DEBUG_SUBMIT_TIMEOUT=120
   95 SNPS_FDB_SERVER=localhost:54146
   96 SNPS_VERDI=/opt/synopsys/verdi/U-2023.03-SP2-1
   97 COLORTERM=truecolor
   98 _=/usr/bin/nohup
================================================================================

moved worker into independent process group
worker timeout: 21600
worker ID: 1
created started-file: /home/s329514/TestingAssignment/cv32e40p_assignments/run/vc-z01x/fcm.dir/session0001_2024-12-13-17:44:50_po.polito.it_PID32606/worker/worker_started_pid32680_559614
created symlink "/home/s329514/TestingAssignment/cv32e40p_assignments/run/vc-z01x/fcm.dir/session0001_2024-12-13-17:44:50_po.polito.it_PID32606/worker/worker1.started" with target "/home/s329514/TestingAssignment/cv32e40p_assignments/run/vc-z01x/fcm.dir/session0001_2024-12-13-17:44:50_po.polito.it_PID32606/worker/worker_started_pid32680_559614"
created symlink "/home/s329514/TestingAssignment/cv32e40p_assignments/run/vc-z01x/fcm.dir/session0001_2024-12-13-17:44:50_po.polito.it_PID32606/worker/worker1.log" with target "/home/s329514/TestingAssignment/cv32e40p_assignments/run/vc-z01x/fcm.dir/session0001_2024-12-13-17:44:50_po.polito.it_PID32606/worker/fcm_worker.2024-12-13-17:44:50_po.polito.it_32680.log"
+ entering initFdbApi
2024-12-13 - 17:44:50.58 - <<<-----  worker initialization finished  ----->>>
2024-12-13 - 17:44:50.58 - send message(55 bytes): 'STARTWORKER;0;32680;po.polito.it;1734108290;1734108290;'
2024-12-13 - 17:44:50.58 - <<<-----  entering main loop  ----->>>

2024-12-13 - 17:44:50.58 - <<<-----  retrieved new task  ----->>>
+ entering getStartScriptCommand
worker start script: "/opt/synopsys/vcs/U-2023.03-SP2-1/linux64/bin/fcm_worker_start.sh"
 new hasTaskData: 1

 new fdef data size: 16
 new task ID: 1
 new session ID: 1
 new simulationExeDir: /home/s329514/TestingAssignment/cv32e40p_assignments/run/vc-z01x
 compress task logs: off
 delete successful task logs: off
ENV: SNPS_FUSA_TASK_PRIVATE_DIR=/home/s329514/TestingAssignment/cv32e40p_assignments/run/vc-z01x/fcm.dir/session0001_2024-12-13-17:44:50_po.polito.it_PID32606/tasks/0xxxx/0xx/tsim:test1:task1
ENV: SNPS_FUSA_TEST_NAME=test1
ENV: SNPS_FUSA_TASK=-1
+ entering createWorkerScriptCommand

TASK DETAILS
--------------------------------------------------------------------------------
 task id (from master): 1
 task state       : 1
 stage                : analysis
 work dir             : /home/s329514/TestingAssignment/cv32e40p_assignments/run/vc-z01x/fcm.dir/session0001_2024-12-13-17:44:50_po.polito.it_PID32606/tasks/0xxxx/0xx/tsim:test1:task1
 task log file        : /home/s329514/TestingAssignment/cv32e40p_assignments/run/vc-z01x/fcm.dir/session0001_2024-12-13-17:44:50_po.polito.it_PID32606/tasks/0xxxx/0xx/tsim:test1:task1/out.log
 fsdb file            : /home/s329514/TestingAssignment/cv32e40p_assignments/run/vc-z01x/fcm_tsim_fsdb/cv32e40p/test1.fsdb
 pre-script           : 
 post-script          : 
 command          : /home/s329514/TestingAssignment/cv32e40p_assignments/run/vcs/simv ./simv +firmware=/home/s329514/TestingAssignment/cv32e40p_assignments/sbst/sbst.hex +fsdbfile+/home/s329514/TestingAssignment/cv32e40p_assignments/run/vc-z01x/fcm_tsim_fsdb/cv32e40p/test1.fsdb +vc_zoix_internal_toggle_sim +fsdb+max_var_elem=4096 +fsdb+packed_size=4096 +fsdb+mda +fsdb+packedmda +fsdb+struct +fsdb+no_msg+FSDB_PACKED_SIZE+packed -tsim=limit_toggle:1 -reportstats -tsim=task:/home/s329514/TestingAssignment/cv32e40p_assignments/run/vc-z01x/fcm.dir/session0001_2024-12-13-17:44:50_po.polito.it_PID32606/tasks/0xxxx/0xx/tsim:test1:task1/task.json,job_id+2454335043
 worker script command: /opt/synopsys/vcs/U-2023.03-SP2-1/linux64/bin/fcm_worker_start.sh 1 '/home/s329514/TestingAssignment/cv32e40p_assignments/run/vc-z01x' '/home/s329514/TestingAssignment/cv32e40p_assignments/run/vc-z01x/fcm.dir/session0001_2024-12-13-17:44:50_po.polito.it_PID32606/tasks/0xxxx/0xx/tsim:test1:task1' '/home/s329514/TestingAssignment/cv32e40p_assignments/run/vcs/simv ./simv +firmware=/home/s329514/TestingAssignment/cv32e40p_assignments/sbst/sbst.hex +fsdbfile+/home/s329514/TestingAssignment/cv32e40p_assignments/run/vc-z01x/fcm_tsim_fsdb/cv32e40p/test1.fsdb +vc_zoix_internal_toggle_sim +fsdb+max_var_elem=4096 +fsdb+packed_size=4096 +fsdb+mda +fsdb+packedmda +fsdb+struct +fsdb+no_msg+FSDB_PACKED_SIZE+packed -tsim=limit_toggle:1 -reportstats -tsim=task:/home/s329514/TestingAssignment/cv32e40p_assignments/run/vc-z01x/fcm.dir/session0001_2024-12-13-17:44:50_po.polito.it_PID32606/tasks/0xxxx/0xx/tsim:test1:task1/task.json,job_id+2454335043' '' ''
 task type            : tsim

2024-12-13 - 17:44:50.58 - send message(53 bytes): 'STARTTASK;1;32680;po.polito.it;1734108290;1734108290;'
2024-12-13 - 17:44:50.58 - <<<-----  starting task 1 (-1)  ----->>>

forking now to run command:
"/opt/synopsys/vcs/U-2023.03-SP2-1/linux64/bin/fcm_worker_start.sh 1 '/home/s329514/TestingAssignment/cv32e40p_assignments/run/vc-z01x' '/home/s329514/TestingAssignment/cv32e40p_assignments/run/vc-z01x/fcm.dir/session0001_2024-12-13-17:44:50_po.polito.it_PID32606/tasks/0xxxx/0xx/tsim:test1:task1' '/home/s329514/TestingAssignment/cv32e40p_assignments/run/vcs/simv ./simv +firmware=/home/s329514/TestingAssignment/cv32e40p_assignments/sbst/sbst.hex +fsdbfile+/home/s329514/TestingAssignment/cv32e40p_assignments/run/vc-z01x/fcm_tsim_fsdb/cv32e40p/test1.fsdb +vc_zoix_internal_toggle_sim +fsdb+max_var_elem=4096 +fsdb+packed_size=4096 +fsdb+mda +fsdb+packedmda +fsdb+struct +fsdb+no_msg+FSDB_PACKED_SIZE+packed -tsim=limit_toggle:1 -reportstats -tsim=task:/home/s329514/TestingAssignment/cv32e40p_assignments/run/vc-z01x/fcm.dir/session0001_2024-12-13-17:44:50_po.polito.it_PID32606/tasks/0xxxx/0xx/tsim:test1:task1/task.json,job_id+2454335043' '' ''"

2024-12-13 - 17:45:15.88 - <<<-----  finished task 1 (-1)  ----->>>
exit code: 0, failed reason: EXITED
2024-12-13 - 17:45:16.58 - ~heartbeat
2024-12-13 - 17:45:16.58 - heartbeat thread joined
successfully created /home/s329514/TestingAssignment/cv32e40p_assignments/run/vc-z01x/fcm_tsim_fsdb/cv32e40p/test1.done
2024-12-13 - 17:45:16.58 - parsing task output from file
2024-12-13 - 17:45:16.59 - done

REPORT STATS DATA
------------------------------------------------------------------------
  valid:             yes
  elapsedTime:       26
  cpuTime:           25
  virtMem:           504
  residentSet:       166
  sharedMem:         41
  privateMem:        125
  majorPageFaults:   1
total time spent: 26

updating taskdata (97 bytes): "0,1,1734108315,STOPTASK,-1,T,26,25,504,166,41,125,1,F,0,0,0,-,26,1,32680,po.polito.it,1734108316"
2024-12-13 - 17:45:16.59 - <<<-----  task finished  ----->>>


--------------------------------------------------------------------------------


2024-12-13 - 17:45:16.59 - <<<-----  retrieved new task  ----->>>
+ entering getStartScriptCommand
worker start script: "/opt/synopsys/vcs/U-2023.03-SP2-1/linux64/bin/fcm_worker_start.sh"
 new hasTaskData: 1

 new fdef data size: 16
 new task ID: 2
 new session ID: 1
 new simulationExeDir: /home/s329514/TestingAssignment/cv32e40p_assignments/run/vc-z01x
 compress task logs: off
 delete successful task logs: off
ENV: SNPS_FUSA_TASK_PRIVATE_DIR=/home/s329514/TestingAssignment/cv32e40p_assignments/run/vc-z01x/fcm.dir/session0001_2024-12-13-17:44:50_po.polito.it_PID32606/tasks/0xxxx/0xx/coats:test1:task2
ENV: SNPS_FUSA_TEST_NAME=test1
ENV: SNPS_FUSA_TASK=-1
+ entering createWorkerScriptCommand

TASK DETAILS
--------------------------------------------------------------------------------
 task id (from master): 2
 task state       : 1
 stage                : analysis
 work dir             : /home/s329514/TestingAssignment/cv32e40p_assignments/run/vc-z01x/fcm.dir/session0001_2024-12-13-17:44:50_po.polito.it_PID32606/tasks/0xxxx/0xx/coats:test1:task2
 task log file        : /home/s329514/TestingAssignment/cv32e40p_assignments/run/vc-z01x/fcm.dir/session0001_2024-12-13-17:44:50_po.polito.it_PID32606/tasks/0xxxx/0xx/coats:test1:task2/out.log
 fsdb file            : 
 pre-script           : 
 post-script          : 
 command          : cd '/home/s329514/TestingAssignment/cv32e40p_assignments/run/vc-z01x/fcm.dir/session0001_2024-12-13-17:44:50_po.polito.it_PID32606/tasks/0xxxx/0xx/coats:test1:task2' && vc_coats -full64 -daidir '/home/s329514/TestingAssignment/cv32e40p_assignments/run/vcs/simv.daidir' -test test1 -fsdb '/home/s329514/TestingAssignment/cv32e40p_assignments/run/vc-z01x/fcm_tsim_fsdb/cv32e40p/test1.fsdb' -fdb_server po.polito.it:54146 -fdb_project default -campaign cv32e40p -l '/home/s329514/TestingAssignment/cv32e40p_assignments/run/vc-z01x/fcm.dir/session0001_2024-12-13-17:44:50_po.polito.it_PID32606/tasks/0xxxx/0xx/coats:test1:task2/vc_coats.log' 
 worker script command: /opt/synopsys/vcs/U-2023.03-SP2-1/linux64/bin/fcm_worker_start.sh 2 '/home/s329514/TestingAssignment/cv32e40p_assignments/run/vc-z01x' '/home/s329514/TestingAssignment/cv32e40p_assignments/run/vc-z01x/fcm.dir/session0001_2024-12-13-17:44:50_po.polito.it_PID32606/tasks/0xxxx/0xx/coats:test1:task2' 'cd '/home/s329514/TestingAssignment/cv32e40p_assignments/run/vc-z01x/fcm.dir/session0001_2024-12-13-17:44:50_po.polito.it_PID32606/tasks/0xxxx/0xx/coats:test1:task2' && vc_coats -full64 -daidir '/home/s329514/TestingAssignment/cv32e40p_assignments/run/vcs/simv.daidir' -test test1 -fsdb '/home/s329514/TestingAssignment/cv32e40p_assignments/run/vc-z01x/fcm_tsim_fsdb/cv32e40p/test1.fsdb' -fdb_server po.polito.it:54146 -fdb_project default -campaign cv32e40p -l '/home/s329514/TestingAssignment/cv32e40p_assignments/run/vc-z01x/fcm.dir/session0001_2024-12-13-17:44:50_po.polito.it_PID32606/tasks/0xxxx/0xx/coats:test1:task2/vc_coats.log' ' '' ''
 task type            : coats

2024-12-13 - 17:45:16.59 - send message(53 bytes): 'STARTTASK;2;32680;po.polito.it;1734108316;1734108316;'
2024-12-13 - 17:45:16.59 - <<<-----  starting task 2 (-1)  ----->>>

forking now to run command:
"/opt/synopsys/vcs/U-2023.03-SP2-1/linux64/bin/fcm_worker_start.sh 2 '/home/s329514/TestingAssignment/cv32e40p_assignments/run/vc-z01x' '/home/s329514/TestingAssignment/cv32e40p_assignments/run/vc-z01x/fcm.dir/session0001_2024-12-13-17:44:50_po.polito.it_PID32606/tasks/0xxxx/0xx/coats:test1:task2' 'cd '/home/s329514/TestingAssignment/cv32e40p_assignments/run/vc-z01x/fcm.dir/session0001_2024-12-13-17:44:50_po.polito.it_PID32606/tasks/0xxxx/0xx/coats:test1:task2' && vc_coats -full64 -daidir '/home/s329514/TestingAssignment/cv32e40p_assignments/run/vcs/simv.daidir' -test test1 -fsdb '/home/s329514/TestingAssignment/cv32e40p_assignments/run/vc-z01x/fcm_tsim_fsdb/cv32e40p/test1.fsdb' -fdb_server po.polito.it:54146 -fdb_project default -campaign cv32e40p -l '/home/s329514/TestingAssignment/cv32e40p_assignments/run/vc-z01x/fcm.dir/session0001_2024-12-13-17:44:50_po.polito.it_PID32606/tasks/0xxxx/0xx/coats:test1:task2/vc_coats.log' ' '' ''"

2024-12-13 - 17:45:24.87 - <<<-----  finished task 2 (-1)  ----->>>
exit code: 0, failed reason: EXITED
2024-12-13 - 17:45:25.59 - ~heartbeat
2024-12-13 - 17:45:25.59 - heartbeat thread joined
processing coats fault results
2024-12-13 - 17:45:25.59 - did extract results from /home/s329514/TestingAssignment/cv32e40p_assignments/run/vc-z01x/fcm.dir/session0001_2024-12-13-17:44:50_po.polito.it_PID32606/tasks/0xxxx/0xx/coats:test1:task2/faultresultcount.txt
2024-12-13 - 17:45:25.59 - parsing task output from file
2024-12-13 - 17:45:25.59 - done

REPORT STATS DATA
------------------------------------------------------------------------
  valid:             no
VC_COATS STATS DATA
------------------------------------------------------------------------
  valid:             yes
  elapsedTime:       8
  cpuTime:           6
  residentSet:       210
total time spent: 9

updating taskdata (104 bytes): "0,1,1734108324,STOPTASK,-1,F,0,0,0,0,0,0,0,T,8,6,210,NC:238 NO:45127 ,9,2,32680,po.polito.it,1734108325"
2024-12-13 - 17:45:25.59 - <<<-----  task finished  ----->>>


--------------------------------------------------------------------------------


no further tasks from FCM
timeout not reached: 36s/21600s
Note: FCM disconnected this worker after all task results had been safely transferred
2 tasks processed
CDPL worker shutdown ok
2024-12-13 - 17:45:26.55 - <<<-----  leaving main loop  ----->>>
================================================================================
+ entering ~WorkerFlow
+ entering shutdownFdbApi
+ entering createStoppedFile
stop file name: /home/s329514/TestingAssignment/cv32e40p_assignments/run/vc-z01x/fcm.dir/session0001_2024-12-13-17:44:50_po.polito.it_PID32606/worker/worker1_stopped_pid32680
created symlink "/home/s329514/TestingAssignment/cv32e40p_assignments/run/vc-z01x/fcm.dir/session0001_2024-12-13-17:44:50_po.polito.it_PID32606/worker/worker1.stopped" with target "/home/s329514/TestingAssignment/cv32e40p_assignments/run/vc-z01x/fcm.dir/session0001_2024-12-13-17:44:50_po.polito.it_PID32606/worker/worker1_stopped_pid32680"
stop file successfully created
2024-12-13 - 17:45:26.55 - terminating worker
2024-12-13 - 17:45:26.55 - @@@ end of log @@@
