1734351861.067674: 16424-7fcc80cc0740: cdpl_log.c:231: in cdpl_log_open(): info: @@start_of_log@@
1734351861.067699: 16424-7fcc80cc0740: cdpl_log.c:869: in cdpl_log_dump_sysinfo(): info: time: 2024/12/16 13:24:21 CET +0100
1734351861.067703: 16424-7fcc80cc0740: cdpl_log.c:871: in cdpl_log_dump_sysinfo(): info: version: T-2022.03-SP1-2 
1734351861.067707: 16424-7fcc80cc0740: cdpl_log.c:873: in cdpl_log_dump_sysinfo(): info: system: Linux 3.10.0-1160.92.1.el7.x86_64 #1 SMP Tue Jun 20 11:48:01 UTC 2023
1734351861.067710: 16424-7fcc80cc0740: cdpl_log.c:878: in cdpl_log_dump_sysinfo(): info: processor: x86_64 64-bits
1734351861.067713: 16424-7fcc80cc0740: cdpl_log.c:882: in cdpl_log_dump_sysinfo(): info: hostname: po.polito.it
1734351861.067717: 16424-7fcc80cc0740: cdpl_log.c:233: in cdpl_log_open(): debug: path: /home/s329514/TestingAssignment/cv32e40p_assignments/run/vc-z01x/fcm.dir/session0001_2024-12-16-13:24:20_po.polito.it_PID16361/cdpl/worker.W1.po.polito.it.16424.log
1734351861.067720: 16424-7fcc80cc0740: cdpl_log.c:234: in cdpl_log_open(): debug: dir: /home/s329514/TestingAssignment/cv32e40p_assignments/run/vc-z01x/fcm.dir/session0001_2024-12-16-13:24:20_po.polito.it_PID16361/cdpl
1734351861.067728: 16424-7fcc80cc0740: cdpl_worker.c:916: in cdpl_wk_new(): info: creating worker instance
1734351861.067740: 16424-7fcc80cc0740: cdpl_ipc.c:3090: in cdpl_ipc_init(): info: requesting IPv4 protocol
1734351861.068780: 16424-7fcc80cc0740: cdpl_ipc.c:807: in _selectaddrfamily(): info: selected IPv4 protocol
1734351861.069435: 16424-7fcc80cc0740: cdpl_worker.c:1150: in cdpl_wk_start(): debug: starting worker
1734351861.069443: 16424-7fcc80cc0740: cdpl_worker.c:329: in cdpl_wk_setup(): info: CDPL_SERVER is "130.192.163.95:45264"
1734351861.069447: 16424-7fcc80cc0740: cdpl_worker.c:351: in cdpl_wk_setup(): info: server 130.192.163.95, port 45264
1734351861.069450: 16424-7fcc80cc0740: cdpl_worker.c:372: in cdpl_wk_setup(): info: CDPL_ID is "1:1:1:1:1314977570"
1734351861.069458: 16424-7fcc80cc0740: cdpl_worker.c:414: in cdpl_wk_setup(): info: we are W1-B1-J1-M1-S1314977570
1734351861.069462: 16424-7fcc80cc0740: cdpl_worker.c:422: in cdpl_wk_setup(): info: we are on host po.polito.it
1734351861.069465: 16424-7fcc80cc0740: cdpl_worker.c:448: in cdpl_wk_daemonize(): debug: will *not* daemonize
1734351861.069469: 16424-7fcc80cc0740: cdpl_ipc.c:3394: in cdpl_ipc_connect(): info: connecting to 130.192.163.95:45264
1734351861.069539: 16424-7fcc80cc0740: cdpl_ipc.c:3465: in cdpl_ipc_connect(): info: connected as `130.192.163.95:43080'
1734351861.069564: 16424-7fcc80cc0740: cdpl_ipc.c:2231: in cdpl_ipc_host_accept(): debug: accepted host `130.192.163.95:45264'
1734351861.069574: 16424-7fcc80cc0740: cdpl_ipc.c:3237: in cdpl_ipc_start(): debug: starting IPC server 130.192.163.95:33542
1734351861.069639: 16424-7fcc80cc0740: cdpl_compat_worker.c:433: in cdplStartWorker(): info: SNPSLMD_LICENSE_FILE is 27020@led-x3850-3.polito.it
1734351861.069668: 16424-7fcc7ef96700: cdpl_worker.c:716: in cdpl_wk_listen(): debug: ready
1734351861.069707: 16424-7fcc7e795700: cdpl_worker.c:844: in cdpl_wk_heartbeat(): debug: starting heartbeat
1734351861.069728: 16424-7fcc7e795700: cdpl_worker.c:853: in cdpl_wk_heartbeat(): info: setting heartbeat period to 300 sec
1734351861.069733: 16424-7fcc7e795700: cdpl_worker.c:861: in cdpl_wk_heartbeat(): info: first heartbeat in 1 sec
1734351861.070192: 16424-7fcc7ef96700: cdpl_worker.c:773: in cdpl_wk_listen(): debug: received ASSIGN message
1734351861.070232: 16424-7fcc80cc0740: cdpl_worker.c:1317: in cdpl_wk_wait_timeout(): info: starting task T0
1734351924.084233: 16424-7fcc80cc0740: cdpl_ipc.c:2329: in cdpl_ipc_host_timedsync(): debug: entering cdpl_ipc_host_timedsync() with no timeout
1734351924.084244: 16424-7fcc80cc0740: cdpl_ipc.c:2355: in cdpl_ipc_host_timedsync(): debug: sync start #1
1734351924.084583: 16424-7fcc7ef96700: cdpl_ipc.c:2636: in cdpl_ipc_msg_wait(): debug: received ACK
1734351924.084671: 16424-7fcc80cc0740: cdpl_ipc.c:2385: in cdpl_ipc_host_timedsync(): debug: sync end #1
1734351924.084683: 16424-7fcc80cc0740: cdpl_ipc.c:2414: in cdpl_ipc_host_timedsync(): debug: leaving cdpl_ipc_host_timedsync()
1734351924.084795: 16424-7fcc80cc0740: cdpl_worker.c:1433: in cdpl_wk_finalize(): info: finishing task T0
1734351924.085080: 16424-7fcc7ef96700: cdpl_worker.c:773: in cdpl_wk_listen(): debug: received ASSIGN message
1734351924.085132: 16424-7fcc80cc0740: cdpl_worker.c:1317: in cdpl_wk_wait_timeout(): info: starting task T1
1734351934.123659: 16424-7fcc80cc0740: cdpl_ipc.c:2329: in cdpl_ipc_host_timedsync(): debug: entering cdpl_ipc_host_timedsync() with no timeout
1734351934.123672: 16424-7fcc80cc0740: cdpl_ipc.c:2355: in cdpl_ipc_host_timedsync(): debug: sync start #2
1734351934.123899: 16424-7fcc7ef96700: cdpl_ipc.c:2636: in cdpl_ipc_msg_wait(): debug: received ACK
1734351934.123933: 16424-7fcc80cc0740: cdpl_ipc.c:2385: in cdpl_ipc_host_timedsync(): debug: sync end #2
1734351934.123940: 16424-7fcc80cc0740: cdpl_ipc.c:2414: in cdpl_ipc_host_timedsync(): debug: leaving cdpl_ipc_host_timedsync()
1734351934.124016: 16424-7fcc80cc0740: cdpl_worker.c:1433: in cdpl_wk_finalize(): info: finishing task T1
1734351934.979693: 16424-7fcc7f797700: cdpl_ipc.c:745: in _readv(): warning: read(): EOF
1734351934.979743: 16424-7fcc7f797700: cdpl_ipc.c:1917: in _epoll_recv(): debug: _readv(): Broken pipe
1734351934.979749: 16424-7fcc7f797700: cdpl_ipc.c:2152: in _epoll_main(): debug: _epoll_recv(): Broken pipe
1734351934.979762: 16424-7fcc7f797700: cdpl_ipc.c:1474: in _host_drop__UNSAFE(): debug: dropping host `130.192.163.95:45264'
1734351934.979857: 16424-7fcc7ef96700: cdpl_worker.c:749: in cdpl_wk_listen(): debug: received DROP notification
1734351934.979880: 16424-7fcc7ef96700: cdpl_worker.c:753: in cdpl_wk_listen(): debug: we were dropped by the server
1734351934.979885: 16424-7fcc7ef96700: cdpl_worker.c:568: in _wk_kill(): debug: killing worker
1734351934.979890: 16424-7fcc7ef96700: cdpl_ipc.c:3282: in cdpl_ipc_kill(): debug: stopping event server
1734351934.979911: 16424-7fcc7f797700: cdpl_ipc.c:2188: in _epoll_main(): debug: server going down...
1734351934.979950: 16424-7fcc7ef96700: cdpl_worker.c:730: in cdpl_wk_listen(): debug: leaving now
1734351934.979987: 16424-7fcc80cc0740: cdpl_ipc.c:1255: in _ipc_enqueue__UNSAFE(): error: host has been dropped
1734351934.979997: 16424-7fcc80cc0740: cdpl_worker.c:1635: in cdpl_wk_msgsend(): error: cdpl_ipc_send(): Transport endpoint is not connected
1734351934.980018: 16424-7fcc80cc0740: cdpl_worker.c:1049: in _wk_shutdown(): debug: waiting for heartbeat thread
1734351934.980035: 16424-7fcc7e795700: cdpl_worker.c:897: in cdpl_wk_heartbeat(): info: stopping heartbeat
1734351934.980044: 16424-7fcc80cc0740: cdpl_ipc.c:2249: in cdpl_ipc_host_release(): debug: releasing host `130.192.163.95:45264'
1734351934.980048: 16424-7fcc80cc0740: cdpl_ipc.c:2265: in cdpl_ipc_host_release(): debug: scheduling for immediate release
1734351934.980059: 16424-7fcc80cc0740: cdpl_monitor.c:1328: in cdpl_mn_free(): debug: freeing monitor server
1734351934.980063: 16424-7fcc80cc0740: cdpl_ipc.c:3333: in cdpl_ipc_free(): debug: releasing IPC handle
1734351934.980066: 16424-7fcc80cc0740: cdpl_ipc.c:1399: in _host_free__UNSAFE(): debug: freeing host `130.192.163.95:45264'
1734351934.980070: 16424-7fcc80cc0740: cdpl_ipc.c:1438: in _host_free__UNSAFE(): debug: [0 outq, 0 spR, 0 spW]
1734351934.980091: 16424-7fcc80cc0740: cdpl_ipc.c:3372: in cdpl_ipc_free(): debug: done
1734351934.980103: 16424-7fcc80cc0740: cdpl_worker.c:1137: in cdpl_wk_free(): info: freed
1734351934.980112: 16424-7fcc80cc0740: cdpl_log.c:374: in cdpl_log_close(): info: @@end_of_log@@
