1734351937.131768: 21532-7f469c098740: cdpl_log.c:231: in cdpl_log_open(): info: @@start_of_log@@
1734351937.131794: 21532-7f469c098740: cdpl_log.c:869: in cdpl_log_dump_sysinfo(): info: time: 2024/12/16 13:25:37 CET +0100
1734351937.131798: 21532-7f469c098740: cdpl_log.c:871: in cdpl_log_dump_sysinfo(): info: version: T-2022.03-SP1-2 
1734351937.131802: 21532-7f469c098740: cdpl_log.c:873: in cdpl_log_dump_sysinfo(): info: system: Linux 3.10.0-1160.92.1.el7.x86_64 #1 SMP Tue Jun 20 11:48:01 UTC 2023
1734351937.131805: 21532-7f469c098740: cdpl_log.c:878: in cdpl_log_dump_sysinfo(): info: processor: x86_64 64-bits
1734351937.131808: 21532-7f469c098740: cdpl_log.c:882: in cdpl_log_dump_sysinfo(): info: hostname: po.polito.it
1734351937.131812: 21532-7f469c098740: cdpl_log.c:233: in cdpl_log_open(): debug: path: /home/s329514/TestingAssignment/cv32e40p_assignments/run/vc-z01x/fcm.dir/session0001_2024-12-16-13:24:20_po.polito.it_PID16361/cdpl/worker.W1.po.polito.it.21532.log
1734351937.131815: 21532-7f469c098740: cdpl_log.c:234: in cdpl_log_open(): debug: dir: /home/s329514/TestingAssignment/cv32e40p_assignments/run/vc-z01x/fcm.dir/session0001_2024-12-16-13:24:20_po.polito.it_PID16361/cdpl
1734351937.131822: 21532-7f469c098740: cdpl_worker.c:916: in cdpl_wk_new(): info: creating worker instance
1734351937.131834: 21532-7f469c098740: cdpl_ipc.c:3090: in cdpl_ipc_init(): info: requesting IPv4 protocol
1734351937.132884: 21532-7f469c098740: cdpl_ipc.c:807: in _selectaddrfamily(): info: selected IPv4 protocol
1734351937.133456: 21532-7f469c098740: cdpl_worker.c:1150: in cdpl_wk_start(): debug: starting worker
1734351937.133481: 21532-7f469c098740: cdpl_worker.c:329: in cdpl_wk_setup(): info: CDPL_SERVER is "130.192.163.95:44807"
1734351937.133485: 21532-7f469c098740: cdpl_worker.c:351: in cdpl_wk_setup(): info: server 130.192.163.95, port 44807
1734351937.133488: 21532-7f469c098740: cdpl_worker.c:372: in cdpl_wk_setup(): info: CDPL_ID is "1:1:1:1:2137538647"
1734351937.133498: 21532-7f469c098740: cdpl_worker.c:414: in cdpl_wk_setup(): info: we are W1-B1-J1-M1-S2137538647
1734351937.133501: 21532-7f469c098740: cdpl_worker.c:422: in cdpl_wk_setup(): info: we are on host po.polito.it
1734351937.133504: 21532-7f469c098740: cdpl_worker.c:448: in cdpl_wk_daemonize(): debug: will *not* daemonize
1734351937.133509: 21532-7f469c098740: cdpl_ipc.c:3394: in cdpl_ipc_connect(): info: connecting to 130.192.163.95:44807
1734351937.133702: 21532-7f469c098740: cdpl_ipc.c:3465: in cdpl_ipc_connect(): info: connected as `130.192.163.95:36896'
1734351937.133727: 21532-7f469c098740: cdpl_ipc.c:2231: in cdpl_ipc_host_accept(): debug: accepted host `130.192.163.95:44807'
1734351937.133742: 21532-7f469c098740: cdpl_ipc.c:3237: in cdpl_ipc_start(): debug: starting IPC server 130.192.163.95:38986
1734351937.133859: 21532-7f469c098740: cdpl_compat_worker.c:433: in cdplStartWorker(): info: SNPSLMD_LICENSE_FILE is 27020@led-x3850-3.polito.it
1734351937.133905: 21532-7f469a36e700: cdpl_worker.c:716: in cdpl_wk_listen(): debug: ready
1734351937.133991: 21532-7f4699b6d700: cdpl_worker.c:844: in cdpl_wk_heartbeat(): debug: starting heartbeat
1734351937.134006: 21532-7f4699b6d700: cdpl_worker.c:853: in cdpl_wk_heartbeat(): info: setting heartbeat period to 300 sec
1734351937.134010: 21532-7f4699b6d700: cdpl_worker.c:861: in cdpl_wk_heartbeat(): info: first heartbeat in 1 sec
1734351937.134643: 21532-7f469a36e700: cdpl_worker.c:773: in cdpl_wk_listen(): debug: received ASSIGN message
1734351937.134701: 21532-7f469c098740: cdpl_worker.c:1317: in cdpl_wk_wait_timeout(): info: starting task T0
1734352074.151009: 21532-7f469c098740: cdpl_ipc.c:2329: in cdpl_ipc_host_timedsync(): debug: entering cdpl_ipc_host_timedsync() with no timeout
1734352074.151022: 21532-7f469c098740: cdpl_ipc.c:2355: in cdpl_ipc_host_timedsync(): debug: sync start #1
1734352074.151246: 21532-7f469a36e700: cdpl_ipc.c:2636: in cdpl_ipc_msg_wait(): debug: received ACK
1734352074.151310: 21532-7f469c098740: cdpl_ipc.c:2385: in cdpl_ipc_host_timedsync(): debug: sync end #1
1734352074.151321: 21532-7f469c098740: cdpl_ipc.c:2414: in cdpl_ipc_host_timedsync(): debug: leaving cdpl_ipc_host_timedsync()
1734352074.151422: 21532-7f469c098740: cdpl_worker.c:1433: in cdpl_wk_finalize(): info: finishing task T0
1734352075.054742: 21532-7f469ab6f700: cdpl_ipc.c:745: in _readv(): warning: read(): EOF
1734352075.054782: 21532-7f469ab6f700: cdpl_ipc.c:1917: in _epoll_recv(): debug: _readv(): Broken pipe
1734352075.054787: 21532-7f469ab6f700: cdpl_ipc.c:2152: in _epoll_main(): debug: _epoll_recv(): Broken pipe
1734352075.054800: 21532-7f469ab6f700: cdpl_ipc.c:1474: in _host_drop__UNSAFE(): debug: dropping host `130.192.163.95:44807'
1734352075.054930: 21532-7f469a36e700: cdpl_worker.c:749: in cdpl_wk_listen(): debug: received DROP notification
1734352075.054949: 21532-7f469a36e700: cdpl_worker.c:753: in cdpl_wk_listen(): debug: we were dropped by the server
1734352075.054953: 21532-7f469a36e700: cdpl_worker.c:568: in _wk_kill(): debug: killing worker
1734352075.054958: 21532-7f469a36e700: cdpl_ipc.c:3282: in cdpl_ipc_kill(): debug: stopping event server
1734352075.054996: 21532-7f469a36e700: cdpl_worker.c:730: in cdpl_wk_listen(): debug: leaving now
1734352075.055018: 21532-7f469ab6f700: cdpl_ipc.c:2188: in _epoll_main(): debug: server going down...
1734352075.055070: 21532-7f469c098740: cdpl_ipc.c:1255: in _ipc_enqueue__UNSAFE(): error: host has been dropped
1734352075.055108: 21532-7f469c098740: cdpl_worker.c:1635: in cdpl_wk_msgsend(): error: cdpl_ipc_send(): Transport endpoint is not connected
1734352075.055129: 21532-7f469c098740: cdpl_worker.c:1049: in _wk_shutdown(): debug: waiting for heartbeat thread
1734352075.055145: 21532-7f4699b6d700: cdpl_worker.c:897: in cdpl_wk_heartbeat(): info: stopping heartbeat
1734352075.055170: 21532-7f469c098740: cdpl_ipc.c:2249: in cdpl_ipc_host_release(): debug: releasing host `130.192.163.95:44807'
1734352075.055176: 21532-7f469c098740: cdpl_ipc.c:2265: in cdpl_ipc_host_release(): debug: scheduling for immediate release
1734352075.055189: 21532-7f469c098740: cdpl_monitor.c:1328: in cdpl_mn_free(): debug: freeing monitor server
1734352075.055194: 21532-7f469c098740: cdpl_ipc.c:3333: in cdpl_ipc_free(): debug: releasing IPC handle
1734352075.055206: 21532-7f469c098740: cdpl_ipc.c:1399: in _host_free__UNSAFE(): debug: freeing host `130.192.163.95:44807'
1734352075.055211: 21532-7f469c098740: cdpl_ipc.c:1438: in _host_free__UNSAFE(): debug: [0 outq, 0 spR, 0 spW]
1734352075.055229: 21532-7f469c098740: cdpl_ipc.c:3372: in cdpl_ipc_free(): debug: done
1734352075.055237: 21532-7f469c098740: cdpl_worker.c:1137: in cdpl_wk_free(): info: freed
1734352075.055241: 21532-7f469c098740: cdpl_log.c:374: in cdpl_log_close(): info: @@end_of_log@@
