/home/s329514/TestingAssignment/cv32e40p_assignments/example_tb/core/cv32e40p_random_interrupt_generator.sv:90 YES:AsyncFF
/home/s329514/TestingAssignment/cv32e40p_assignments/example_tb/core/dp_ram.sv:42 YES:SyncFF
/home/s329514/TestingAssignment/cv32e40p_assignments/example_tb/core/tb_top.sv:69 YES:AsyncFF
/home/s329514/TestingAssignment/cv32e40p_assignments/example_tb/core/tb_top.sv:128 NO "Unsupported function call"  (130)
/home/s329514/TestingAssignment/cv32e40p_assignments/example_tb/core/tb_top.sv:143 NO "Mixed synchronous and asynchronous flip-flop" 
/home/s329514/TestingAssignment/cv32e40p_assignments/example_tb/core/riscv_rvalid_stall.sv:110 YES:AsyncFF
/home/s329514/TestingAssignment/cv32e40p_assignments/example_tb/core/riscv_rvalid_stall.sv:124 NO "Unsupported function call"  (137)
/home/s329514/TestingAssignment/cv32e40p_assignments/example_tb/core/riscv_rvalid_stall.sv:174 YES:AsyncFF
/home/s329514/TestingAssignment/cv32e40p_assignments/example_tb/core/riscv_gnt_stall.sv:86 YES:AsyncFF
/home/s329514/TestingAssignment/cv32e40p_assignments/example_tb/core/riscv_gnt_stall.sv:96 NO "Unsupported function call"  (109)
/home/s329514/TestingAssignment/cv32e40p_assignments/example_tb/core/amo_shim.sv:134 YES:AsyncFF
/home/s329514/TestingAssignment/cv32e40p_assignments/example_tb/core/mm_ram.sv:330 YES:AsyncFF
/home/s329514/TestingAssignment/cv32e40p_assignments/example_tb/core/mm_ram.sv:342 YES:AsyncFF
/home/s329514/TestingAssignment/cv32e40p_assignments/example_tb/core/mm_ram.sv:394 NO "Unable to infer clock for flip-flop" 
/home/s329514/TestingAssignment/cv32e40p_assignments/example_tb/core/mm_ram.sv:416 YES:AsyncFF
/home/s329514/TestingAssignment/cv32e40p_assignments/example_tb/core/mm_ram.sv:449 NO "Unable to infer clock for flip-flop" 
/home/s329514/TestingAssignment/cv32e40p_assignments/example_tb/core/mm_ram.sv:557 YES:AsyncFF
/home/s329514/TestingAssignment/cv32e40p_assignments/example_tb/core/mm_ram.sv:569 YES:AsyncFF
/home/s329514/TestingAssignment/cv32e40p_assignments/example_tb/core/mm_ram.sv:580 YES:AsyncFF
/home/s329514/TestingAssignment/cv32e40p_assignments/fsim/strobe.sv:19 NO "Unsupported function call"  (20)
==================================================
Unified Inference Statistics
Number of always_ff:                   13
Number of always_latch:                0
Number of always @*:                   0
Number of always_comb :                10
Number of always :                     8
Number of flip-flop candidates:        20
Number of synchronous flops inferred:  1
Number of Asynchronous flops inferred: 12
