1734108290.544605: 32606-7fd3f04e2800: cdpl_log.c:231: in cdpl_log_open(): info: @@start_of_log@@
1734108290.544629: 32606-7fd3f04e2800: cdpl_log.c:869: in cdpl_log_dump_sysinfo(): info: time: 2024/12/13 17:44:50 CET +0100
1734108290.544633: 32606-7fd3f04e2800: cdpl_log.c:871: in cdpl_log_dump_sysinfo(): info: version: T-2022.03-SP1-2 
1734108290.544637: 32606-7fd3f04e2800: cdpl_log.c:873: in cdpl_log_dump_sysinfo(): info: system: Linux 3.10.0-1160.92.1.el7.x86_64 #1 SMP Tue Jun 20 11:48:01 UTC 2023
1734108290.544640: 32606-7fd3f04e2800: cdpl_log.c:878: in cdpl_log_dump_sysinfo(): info: processor: x86_64 64-bits
1734108290.544643: 32606-7fd3f04e2800: cdpl_log.c:882: in cdpl_log_dump_sysinfo(): info: hostname: po.polito.it
1734108290.544646: 32606-7fd3f04e2800: cdpl_log.c:233: in cdpl_log_open(): debug: path: /home/s329514/TestingAssignment/cv32e40p_assignments/run/vc-z01x/fcm.dir/session0001_2024-12-13-17:44:50_po.polito.it_PID32606/cdpl/master.po.polito.it.32606.log
1734108290.544650: 32606-7fd3f04e2800: cdpl_log.c:234: in cdpl_log_open(): debug: dir: /home/s329514/TestingAssignment/cv32e40p_assignments/run/vc-z01x/fcm.dir/session0001_2024-12-13-17:44:50_po.polito.it_PID32606/cdpl
1734108290.544663: 32606-7fd3f04e2800: cdpl_server.c:543: in cdpl_sv_init(): info: new server S582776731
1734108290.544670: 32606-7fd3f04e2800: cdpl_ipc.c:3090: in cdpl_ipc_init(): info: requesting IPv4 protocol
1734108290.545435: 32606-7fd3f04e2800: cdpl_ipc.c:807: in _selectaddrfamily(): info: selected IPv4 protocol
1734108290.545972: 32606-7fd3f04e2800: cdpl_server.c:657: in cdpl_sv_new_master(): info: new master M1
1734108290.545990: 32606-7fd3f04e2800: cdpl_server.c:5431: in cdpl_sv_ctl_master(): info: farm submit command timeout set to 120
1734108290.545993: 32606-7fd3f04e2800: cdpl_server.c:5494: in cdpl_sv_ctl_master(): info: Setting worker heartbeat to 300 seconds
1734108290.545996: 32606-7fd3f04e2800: cdpl_server.c:5503: in cdpl_sv_ctl_master(): info: Setting worker heartbeat timeout to 2 heartbeats
1734108290.546003: 32606-7fd3f04e2800: cdpl_compat_master.c:2436: in cdplInitMaster(): info: bcast dir is `/home/s329514/TestingAssignment/cv32e40p_assignments/run/vc-z01x/fcm.dir/session0001_2024-12-13-17:44:50_po.polito.it_PID32606/cdpl'
1734108290.546047: 32606-7fd3f04e2800: cdpl_server.c:5394: in cdpl_sv_ctl_master(): info: farm worker timeout set to 300
1734108290.546051: 32606-7fd3f04e2800: cdpl_server.c:5431: in cdpl_sv_ctl_master(): info: farm submit command timeout set to 120
1734108290.546054: 32606-7fd3f04e2800: cdpl_server.c:5447: in cdpl_sv_ctl_master(): info: maximum number of task execution attempts set to 1
1734108290.546107: 32606-7fd3f04e2800: cdpl_farm.c:2334: in cdpl_farm_new_sh(): info: creating SH farm on localhost
1734108290.546119: 32606-7fd3f04e2800: cdpl_compat_master.c:207: in _set_farm_env(): info: exporting CDPL_LOGDIR as `/home/s329514/TestingAssignment/cv32e40p_assignments/run/vc-z01x/fcm.dir/session0001_2024-12-13-17:44:50_po.polito.it_PID32606/cdpl'
1734108290.546124: 32606-7fd3f04e2800: cdpl_compat_master.c:227: in _set_farm_env(): info: exporting SNPSLMD_LICENSE_FILE as `27020@led-x3850-3.polito.it'
1734108290.546129: 32606-7fd3f04e2800: cdpl_compat_master.c:262: in _set_farm_env(): info: exporting CDPL_HEARTBEAT as `300'
1734108290.546133: 32606-7fd3f04e2800: cdpl_compat_master.c:348: in _set_farm_env(): info: exporting VERDI_HOME as `/opt/synopsys/verdi/U-2023.03-SP2-1'
1734108290.546144: 32606-7fd3f04e2800: cdpl_compat_master.c:348: in _set_farm_env(): info: exporting PATH as `/opt/corev/bin:/opt/riscv/bin:/opt/synopsys/verdi/U-2023.03-SP2-1/bin:/opt/synopsys/vcs/U-2023.03-SP2-1/bin:/home/s329514/.vscode-server/cli/servers/Stable-912bb683695358a54ae0c670461738984cbb5b95/server/bin/remote-cli:/opt/corev/bin:/o
1734108290.546148: 32606-7fd3f04e2800: cdpl_compat_master.c:348: in _set_farm_env(): info: exporting VCS_HOME as `/opt/synopsys/vcs/U-2023.03-SP2-1'
1734108290.546151: 32606-7fd3f04e2800: cdpl_compat_master.c:348: in _set_farm_env(): info: exporting SNPS_FUSA_FCM_WORKER_LOG_DIR as `/home/s329514/TestingAssignment/cv32e40p_assignments/run/vc-z01x/fcm.dir/session0001_2024-12-13-17:44:50_po.polito.it_PID32606/worker'
1734108290.546158: 32606-7fd3f04e2800: cdpl_compat_master.c:348: in _set_farm_env(): info: exporting SNPS_FUSA_FCM_START_DIR as `/home/s329514/TestingAssignment/cv32e40p_assignments/run/vc-z01x'
1734108290.546161: 32606-7fd3f04e2800: cdpl_compat_master.c:348: in _set_farm_env(): info: exporting FSDB_PACKED_MODE as `0'
1734108290.546164: 32606-7fd3f04e2800: cdpl_compat_master.c:348: in _set_farm_env(): info: exporting FSDB_GATE as `0'
1734108290.546167: 32606-7fd3f04e2800: cdpl_compat_master.c:348: in _set_farm_env(): info: exporting FSDB_DYNAMIC_ALIAS as `0'
1734108290.546170: 32606-7fd3f04e2800: cdpl_compat_master.c:348: in _set_farm_env(): info: exporting FSDB_DELTA as `0'
1734108290.546173: 32606-7fd3f04e2800: cdpl_compat_master.c:348: in _set_farm_env(): info: exporting FSDB_VCS_ENABLE_NATIVE_VC as `1'
1734108290.546176: 32606-7fd3f04e2800: cdpl_compat_master.c:348: in _set_farm_env(): info: exporting SNPS_FUSA_WRITE_FAULT_RESULTS_FROM_FCM as `1'
1734108290.546179: 32606-7fd3f04e2800: cdpl_compat_master.c:348: in _set_farm_env(): info: exporting SNPS_FUSA_FCM_WORKER_TIMEOUT as `21600'
1734108290.546182: 32606-7fd3f04e2800: cdpl_compat_master.c:348: in _set_farm_env(): info: exporting FSDB_PLI_EXIT_LOAD_FAIL as `1'
1734108290.546191: 32606-7fd3f04e2800: cdpl_farm.c:2749: in cdpl_farm_add_withcap(): debug: added `localhost' (capacity: 1)
1734108290.546203: 32606-7fd3f04e2800: cdpl_server.c:3062: in cdpl_sv_start(): debug: starting server
1734108290.546208: 32606-7fd3f04e2800: cdpl_ipc.c:3237: in cdpl_ipc_start(): debug: starting IPC server 130.192.163.95:37141
1734108290.546297: 32606-7fd3f04e2800: cdpl_server.c:738: in cdpl_sv_new_job(): info: new job J1 in M1
1734108290.546303: 32606-7fd3e88c0700: cdpl_server_ipc.c:1056: in _sv_ipc_thread(): debug: ready
1734108290.546315: 32606-7fd3f04e2800: cdpl_compat_master.c:1340: in _add_worker(): info: new worker type 10, min:1, max:1, cmd:`/opt/synopsys/vcs/U-2023.03-SP2-1/linux64/bin/fcm_worker'
1734108290.546323: 32606-7fd3f04e2800: cdpl_server.c:900: in cdpl_sv_new_bin_withfarm(): info: new bin B1 in J1
1734108290.546502: 32606-7fd3f04e2800: cdpl_server.c:1824: in _sv_gen_task(): info: new task T0 in B1 (prio 0)
1734108290.546643: 32606-7fd3f04e2800: cdpl_server.c:1824: in _sv_gen_task(): info: new task T1 in B1 (prio 0)
1734108290.546654: 32606-7fd3f04e2800: cdpl_server.c:1461: in _sv_add_deps(): debug: T1 depends on upstream task T0
1734108290.546665: 32606-7fd3f04e2800: cdpl_compat_master.c:3503: in cdplScheduleTasks(): debug: scheduling tasks
1734108290.546671: 32606-7fd3f04e2800: cdpl_server.c:1230: in cdpl_sv_schedule_all_tasks(): debug: scheduling all tasks
1734108290.546680: 32606-7fd3f04e2800: cdpl_server.c:3116: in cdpl_sv_start_job(): info: starting job J1
1734108290.546686: 32606-7fd3f04e2800: cdpl_server.c:62: in _sv_start_bin(): debug: starting bin B1 (min: 0, max: 1)
1734108290.546732: 32606-7fd3e80bf700: cdpl_server_sched.c:2363: in _sv_scheduler_thread(): debug: scheduler for bin B1 started
1734108290.546741: 32606-7fd3e80bf700: cdpl_server_sched.c:2324: in _scheduler_run(): debug: will start a new worker
1734108290.546772: 32606-7fd3e80bf700: cdpl_farm.c:3449: in cdpl_farm_submit(): debug: 1 running processes
1734108290.546777: 32606-7fd3e80bf700: cdpl_farm.c:1821: in _pickahost(): debug: `localhost' now reaches maximum capacity
1734108290.546781: 32606-7fd3e80bf700: cdpl_farm.c:3457: in cdpl_farm_submit(): debug: new command C1 in bin B1 assigned to host `localhost'
1734108290.546813: 32606-7fd3e80bf700: cdpl_server_sched.c:700: in _sv_launch_worker(): info: started worker W1 (as C1) in bin B1
1734108290.546825: 32606-7fd3e78be700: cdpl_farm.c:1948: in _schedule(): debug: started
1734108290.546833: 32606-7fd3e78be700: cdpl_farm.c:1953: in _schedule(): info: worker submit command timeout set to 120 seconds
1734108290.546840: 32606-7fd3e78be700: cdpl_farm.c:2085: in _schedule(): debug: submitting command C1 in bin B1
1734108290.546849: 32606-7fd3e78be700: cdpl_sh.c:49: in _sh_detached_submit(): info: SH : /opt/synopsys/vcs/U-2023.03-SP2-1/linux64/bin/fcm_worker
1734108290.547426: 32606-7fd3e78be700: cdpl_farm.c:2109: in _schedule(): debug: C1 in bin B1 running on slot 0
1734108290.547469: 32606-7fd3e78be700: cdpl_farm.c:1968: in _schedule(): debug: idle
1734108290.583118: 32606-7fd3e90c1700: cdpl_ipc.c:1679: in _epoll_accept(): debug: new connection from `130.192.163.95:42508'
1734108290.583192: 32606-7fd3e88c0700: cdpl_server_ipc.c:1099: in _sv_ipc_thread(): debug: received ACCEPT notification
1734108290.583204: 32606-7fd3e88c0700: cdpl_ipc.c:2231: in cdpl_ipc_host_accept(): debug: accepted host `130.192.163.95:42508'
1734108290.583440: 32606-7fd3e88c0700: cdpl_server_ipc.c:1120: in _sv_ipc_thread(): debug: received HELLO message
1734108290.583448: 32606-7fd3e88c0700: cdpl_server_ipc.c:342: in _sv_on_hello(): debug: looking up W1
1734108290.583458: 32606-7fd3e88c0700: cdpl_server_ipc.c:452: in _sv_on_hello(): info: W1 is `130.192.163.95:42508'
1734108290.583463: 32606-7fd3e88c0700: cdpl_server_ipc.c:453: in _sv_on_hello(): debug: hello W1 (B1)
1734108290.583466: 32606-7fd3e88c0700: cdpl_server_ipc.c:454: in _sv_on_hello(): info: W1 log file is /home/s329514/TestingAssignment/cv32e40p_assignments/run/vc-z01x/fcm.dir/session0001_2024-12-13-17:44:50_po.polito.it_PID32606/cdpl/worker.W1.po.polito.it.32680.log
1734108290.583481: 32606-7fd3e88c0700: cdpl_server_ipc.c:481: in _sv_on_hello(): info: up to 1 alive workers in B1
1734108290.583512: 32606-7fd3e80bf700: cdpl_server_sched.c:955: in _assign(): info: assigning task T0 to worker W1
1734108290.583690: 32606-7fd3e88c0700: cdpl_server_ipc.c:1142: in _sv_ipc_thread(): debug: received RELAY message
1734108290.583702: 32606-7fd3e88c0700: cdpl_server_ipc.c:589: in _sv_on_relay(): debug: RELAY message from W1, size = 56
1734108290.583710: 32606-7fd3e88c0700: cdpl_server_ipc.c:591: in _sv_on_relay(): debug: RELAY message from W1, content = STARTWORKER;0;32680;po.polito.it;1734108290;1734108290;
1734108290.584291: 32606-7fd3e88c0700: cdpl_server_ipc.c:1142: in _sv_ipc_thread(): debug: received RELAY message
1734108290.584298: 32606-7fd3e88c0700: cdpl_server_ipc.c:589: in _sv_on_relay(): debug: RELAY message from W1, size = 54
1734108290.584302: 32606-7fd3e88c0700: cdpl_server_ipc.c:591: in _sv_on_relay(): debug: RELAY message from W1, content = STARTTASK;1;32680;po.polito.it;1734108290;1734108290;
1734108290.847568: 32606-7fd3e78be700: cdpl_farm.c:2012: in _schedule(): debug: waking up
1734108290.847605: 32606-7fd3e78be700: cdpl_farm.c:1048: in _onexit(): debug: C1 in bin B1 exited normally on slot 0
1734108290.847618: 32606-7fd3e78be700: cdpl_farm.c:857: in _release_cmd(): debug: freeing command C1 in bin B1
1734108290.847625: 32606-7fd3e78be700: cdpl_farm.c:1968: in _schedule(): debug: idle
1734108291.583768: 32606-7fd3e88c0700: cdpl_server_ipc.c:255: in _sv_on_heartbeat(): debug: received HEARTBEAT from worker W1 at 130.192.163.95:42508
1734108316.590986: 32606-7fd3e88c0700: cdpl_server_ipc.c:1142: in _sv_ipc_thread(): debug: received RELAY message
1734108316.591001: 32606-7fd3e88c0700: cdpl_server_ipc.c:589: in _sv_on_relay(): debug: RELAY message from W1, size = 7
1734108316.591006: 32606-7fd3e88c0700: cdpl_server_ipc.c:591: in _sv_on_relay(): debug: RELAY message from W1, content = INFO;1
1734108316.591364: 32606-7fd3e88c0700: cdpl_server_ipc.c:1125: in _sv_ipc_thread(): debug: received FINISH message
1734108316.591374: 32606-7fd3e88c0700: cdpl_server_ipc.c:857: in _sv_on_finish(): info: worker W1 completed task T0
1734108316.591378: 32606-7fd3e88c0700: cdpl_server_ipc.c:862: in _sv_on_finish(): debug: stat T0: utime=24854 stime=193
1734108316.591382: 32606-7fd3e88c0700: cdpl_server_ipc.c:867: in _sv_on_finish(): debug: statm T0: vsize=256580 rss=2660 shared=2248 text=5340 data=230004
1734108316.591388: 32606-7fd3e88c0700: cdpl_server_ipc.c:736: in _schedule_deps(): debug: T1 is ready to run in B1
1734108316.591416: 32606-7fd3e80bf700: cdpl_server_sched.c:955: in _assign(): info: assigning task T1 to worker W1
1734108316.592110: 32606-7fd3e88c0700: cdpl_server_ipc.c:1142: in _sv_ipc_thread(): debug: received RELAY message
1734108316.592145: 32606-7fd3e88c0700: cdpl_server_ipc.c:589: in _sv_on_relay(): debug: RELAY message from W1, size = 54
1734108316.592150: 32606-7fd3e88c0700: cdpl_server_ipc.c:591: in _sv_on_relay(): debug: RELAY message from W1, content = STARTTASK;2;32680;po.polito.it;1734108316;1734108316;
1734108317.553147: 32606-7fd3f04e2800: cdpl_server.c:222: in _sv_free_task_safe(): debug: freeing task T0
1734108317.553156: 32606-7fd3f04e2800: cdpl_server.c:272: in _sv_free_task_safe(): debug: freeing dependencies for task T0
1734108320.847714: 32606-7fd3e78be700: cdpl_farm.c:2012: in _schedule(): debug: waking up
1734108320.847736: 32606-7fd3e78be700: cdpl_farm.c:1968: in _schedule(): debug: idle
1734108325.598246: 32606-7fd3e88c0700: cdpl_server_ipc.c:1142: in _sv_ipc_thread(): debug: received RELAY message
1734108325.598301: 32606-7fd3e88c0700: cdpl_server_ipc.c:589: in _sv_on_relay(): debug: RELAY message from W1, size = 7
1734108325.598307: 32606-7fd3e88c0700: cdpl_server_ipc.c:591: in _sv_on_relay(): debug: RELAY message from W1, content = INFO;2
1734108325.598815: 32606-7fd3e88c0700: cdpl_server_ipc.c:1125: in _sv_ipc_thread(): debug: received FINISH message
1734108325.598825: 32606-7fd3e88c0700: cdpl_server_ipc.c:857: in _sv_on_finish(): info: worker W1 completed task T1
1734108325.598829: 32606-7fd3e88c0700: cdpl_server_ipc.c:862: in _sv_on_finish(): debug: stat T1: utime=6835 stime=241
1734108325.598834: 32606-7fd3e88c0700: cdpl_server_ipc.c:867: in _sv_on_finish(): debug: statm T1: vsize=256580 rss=2700 shared=2288 text=5340 data=230004
1734108326.555642: 32606-7fd3f04e2800: cdpl_server.c:222: in _sv_free_task_safe(): debug: freeing task T1
1734108326.555901: 32606-7fd3f04e2800: cdpl_server.c:2890: in cdpl_sv_halt_job_errno(): info: stopping job J1
1734108326.555907: 32606-7fd3f04e2800: cdpl_server.c:2911: in cdpl_sv_halt_job_errno(): debug: signal bin B1 scheduler to stop
1734108326.555957: 32606-7fd3e80bf700: cdpl_server_sched.c:2365: in _sv_scheduler_thread(): debug: scheduler for bin B1 stopped
1734108326.555986: 32606-7fd3e80bf700: cdpl_ipc.c:1474: in _host_drop__UNSAFE(): debug: dropping host `130.192.163.95:42508'
1734108326.556028: 32606-7fd3e80bf700: cdpl_server_sched.c:2711: in _sv_drop_worker(): info: down to 0 alive workers in B1
1734108326.556034: 32606-7fd3e80bf700: cdpl_farm.c:3624: in cdpl_farm_dismiss(): debug: down to 0 running processes
1734108326.556039: 32606-7fd3e80bf700: cdpl_farm.c:1873: in _unpickhost(): debug: `localhost' is once again available
1734108326.556043: 32606-7fd3e80bf700: cdpl_server_sched.c:114: in _free_worker_2(): debug: freeing worker W1
1734108326.556047: 32606-7fd3e80bf700: cdpl_ipc.c:2249: in cdpl_ipc_host_release(): debug: releasing host `130.192.163.95:42508'
1734108326.556088: 32606-7fd3f04e2800: cdpl_server.c:288: in _sv_free_job(): info: freeing job J1
1734108326.556097: 32606-7fd3f04e2800: cdpl_server.c:92: in _sv_free_bin(): debug: freeing bin B1
1734108326.556116: 32606-7fd3f04e2800: cdpl_farm.c:2478: in cdpl_farm_free(): info: freeing farm
1734108326.556148: 32606-7fd3e88c0700: cdpl_server_ipc.c:1110: in _sv_ipc_thread(): debug: received DROP notification
1734108326.556171: 32606-7fd3e78be700: cdpl_farm.c:2012: in _schedule(): debug: waking up
1734108326.556205: 32606-7fd3e78be700: cdpl_farm.c:2019: in _schedule(): debug: dying
1734108326.556274: 32606-7fd3f04e2800: cdpl_farm.c:903: in _killall(): debug: killing all remaining commands
1734108326.556297: 32606-7fd3f04e2800: cdpl_server.c:3011: in cdpl_sv_free(): info: freeing server S582776731
1734108326.556302: 32606-7fd3f04e2800: cdpl_server.c:2976: in cdpl_sv_kill_errno(): info: killing server
1734108326.556306: 32606-7fd3f04e2800: cdpl_ipc.c:3282: in cdpl_ipc_kill(): debug: stopping event server
1734108326.556348: 32606-7fd3e88c0700: cdpl_server_ipc.c:1074: in _sv_ipc_thread(): debug: leaving now
1734108326.556363: 32606-7fd3e90c1700: cdpl_ipc.c:2188: in _epoll_main(): debug: server going down...
1734108326.556595: 32606-7fd3f04e2800: cdpl_server.c:328: in _sv_free_master(): info: freeing master M1
1734108326.556608: 32606-7fd3f04e2800: cdpl_hash.c:68: in cdpl_h_destroy(): debug: put operations: 1
1734108326.556611: 32606-7fd3f04e2800: cdpl_hash.c:69: in cdpl_h_destroy(): debug: put collisions: 0
1734108326.556614: 32606-7fd3f04e2800: cdpl_hash.c:70: in cdpl_h_destroy(): debug: get operations: 0
1734108326.556625: 32606-7fd3f04e2800: cdpl_hash.c:71: in cdpl_h_destroy(): debug: get iterations: 0
1734108326.556636: 32606-7fd3f04e2800: cdpl_monitor.c:1328: in cdpl_mn_free(): debug: freeing monitor server
1734108326.556640: 32606-7fd3f04e2800: cdpl_ipc.c:3333: in cdpl_ipc_free(): debug: releasing IPC handle
1734108326.556643: 32606-7fd3f04e2800: cdpl_ipc.c:1399: in _host_free__UNSAFE(): debug: freeing host `130.192.163.95:42508'
1734108326.556647: 32606-7fd3f04e2800: cdpl_ipc.c:1438: in _host_free__UNSAFE(): debug: [0 outq, 0 spR, 0 spW]
1734108326.556663: 32606-7fd3f04e2800: cdpl_ipc.c:3372: in cdpl_ipc_free(): debug: done
1734108326.556667: 32606-7fd3f04e2800: cdpl_log.c:374: in cdpl_log_close(): info: @@end_of_log@@
1734108328.319615: 32606-7fd3f04e2800: cdpl_log.c:231: in cdpl_log_open(): info: @@start_of_log@@
1734108328.319637: 32606-7fd3f04e2800: cdpl_log.c:869: in cdpl_log_dump_sysinfo(): info: time: 2024/12/13 17:45:28 CET +0100
1734108328.319641: 32606-7fd3f04e2800: cdpl_log.c:871: in cdpl_log_dump_sysinfo(): info: version: T-2022.03-SP1-2 
1734108328.319645: 32606-7fd3f04e2800: cdpl_log.c:873: in cdpl_log_dump_sysinfo(): info: system: Linux 3.10.0-1160.92.1.el7.x86_64 #1 SMP Tue Jun 20 11:48:01 UTC 2023
1734108328.319648: 32606-7fd3f04e2800: cdpl_log.c:878: in cdpl_log_dump_sysinfo(): info: processor: x86_64 64-bits
1734108328.319651: 32606-7fd3f04e2800: cdpl_log.c:882: in cdpl_log_dump_sysinfo(): info: hostname: po.polito.it
1734108328.319655: 32606-7fd3f04e2800: cdpl_log.c:233: in cdpl_log_open(): debug: path: /home/s329514/TestingAssignment/cv32e40p_assignments/run/vc-z01x/fcm.dir/session0001_2024-12-13-17:44:50_po.polito.it_PID32606/cdpl/master.po.polito.it.32606.log
1734108328.319658: 32606-7fd3f04e2800: cdpl_log.c:234: in cdpl_log_open(): debug: dir: /home/s329514/TestingAssignment/cv32e40p_assignments/run/vc-z01x/fcm.dir/session0001_2024-12-13-17:44:50_po.polito.it_PID32606/cdpl
1734108328.319664: 32606-7fd3f04e2800: cdpl_server.c:543: in cdpl_sv_init(): info: new server S1302887760
1734108328.319669: 32606-7fd3f04e2800: cdpl_ipc.c:3090: in cdpl_ipc_init(): info: requesting IPv4 protocol
1734108328.320422: 32606-7fd3f04e2800: cdpl_ipc.c:807: in _selectaddrfamily(): info: selected IPv4 protocol
1734108328.321000: 32606-7fd3f04e2800: cdpl_server.c:657: in cdpl_sv_new_master(): info: new master M1
1734108328.321011: 32606-7fd3f04e2800: cdpl_server.c:5431: in cdpl_sv_ctl_master(): info: farm submit command timeout set to 120
1734108328.321015: 32606-7fd3f04e2800: cdpl_server.c:5494: in cdpl_sv_ctl_master(): info: Setting worker heartbeat to 300 seconds
1734108328.321018: 32606-7fd3f04e2800: cdpl_server.c:5503: in cdpl_sv_ctl_master(): info: Setting worker heartbeat timeout to 2 heartbeats
1734108328.321025: 32606-7fd3f04e2800: cdpl_compat_master.c:2436: in cdplInitMaster(): info: bcast dir is `/home/s329514/TestingAssignment/cv32e40p_assignments/run/vc-z01x/fcm.dir/session0001_2024-12-13-17:44:50_po.polito.it_PID32606/cdpl'
1734108328.321068: 32606-7fd3f04e2800: cdpl_server.c:5394: in cdpl_sv_ctl_master(): info: farm worker timeout set to 300
1734108328.321071: 32606-7fd3f04e2800: cdpl_server.c:5431: in cdpl_sv_ctl_master(): info: farm submit command timeout set to 120
1734108328.321074: 32606-7fd3f04e2800: cdpl_server.c:5447: in cdpl_sv_ctl_master(): info: maximum number of task execution attempts set to 1
1734108328.321116: 32606-7fd3f04e2800: cdpl_farm.c:2334: in cdpl_farm_new_sh(): info: creating SH farm on localhost
1734108328.321123: 32606-7fd3f04e2800: cdpl_compat_master.c:207: in _set_farm_env(): info: exporting CDPL_LOGDIR as `/home/s329514/TestingAssignment/cv32e40p_assignments/run/vc-z01x/fcm.dir/session0001_2024-12-13-17:44:50_po.polito.it_PID32606/cdpl'
1734108328.321131: 32606-7fd3f04e2800: cdpl_compat_master.c:227: in _set_farm_env(): info: exporting SNPSLMD_LICENSE_FILE as `27020@led-x3850-3.polito.it'
1734108328.321135: 32606-7fd3f04e2800: cdpl_compat_master.c:262: in _set_farm_env(): info: exporting CDPL_HEARTBEAT as `300'
1734108328.321140: 32606-7fd3f04e2800: cdpl_compat_master.c:348: in _set_farm_env(): info: exporting VERDI_HOME as `/opt/synopsys/verdi/U-2023.03-SP2-1'
1734108328.321151: 32606-7fd3f04e2800: cdpl_compat_master.c:348: in _set_farm_env(): info: exporting PATH as `/opt/corev/bin:/opt/riscv/bin:/opt/synopsys/verdi/U-2023.03-SP2-1/bin:/opt/synopsys/vcs/U-2023.03-SP2-1/bin:/home/s329514/.vscode-server/cli/servers/Stable-912bb683695358a54ae0c670461738984cbb5b95/server/bin/remote-cli:/opt/corev/bin:/o
1734108328.321154: 32606-7fd3f04e2800: cdpl_compat_master.c:348: in _set_farm_env(): info: exporting VCS_HOME as `/opt/synopsys/vcs/U-2023.03-SP2-1'
1734108328.321158: 32606-7fd3f04e2800: cdpl_compat_master.c:348: in _set_farm_env(): info: exporting SNPS_FUSA_FCM_WORKER_LOG_DIR as `/home/s329514/TestingAssignment/cv32e40p_assignments/run/vc-z01x/fcm.dir/session0001_2024-12-13-17:44:50_po.polito.it_PID32606/worker'
1734108328.321161: 32606-7fd3f04e2800: cdpl_compat_master.c:348: in _set_farm_env(): info: exporting SNPS_FUSA_FCM_START_DIR as `/home/s329514/TestingAssignment/cv32e40p_assignments/run/vc-z01x'
1734108328.321164: 32606-7fd3f04e2800: cdpl_compat_master.c:348: in _set_farm_env(): info: exporting FSDB_PACKED_MODE as `0'
1734108328.321167: 32606-7fd3f04e2800: cdpl_compat_master.c:348: in _set_farm_env(): info: exporting FSDB_GATE as `0'
1734108328.321170: 32606-7fd3f04e2800: cdpl_compat_master.c:348: in _set_farm_env(): info: exporting FSDB_DYNAMIC_ALIAS as `0'
1734108328.321173: 32606-7fd3f04e2800: cdpl_compat_master.c:348: in _set_farm_env(): info: exporting FSDB_DELTA as `0'
1734108328.321176: 32606-7fd3f04e2800: cdpl_compat_master.c:348: in _set_farm_env(): info: exporting FSDB_VCS_ENABLE_NATIVE_VC as `1'
1734108328.321179: 32606-7fd3f04e2800: cdpl_compat_master.c:348: in _set_farm_env(): info: exporting SNPS_FUSA_WRITE_FAULT_RESULTS_FROM_FCM as `1'
1734108328.321182: 32606-7fd3f04e2800: cdpl_compat_master.c:348: in _set_farm_env(): info: exporting SNPS_FUSA_FCM_WORKER_TIMEOUT as `21600'
1734108328.321185: 32606-7fd3f04e2800: cdpl_compat_master.c:348: in _set_farm_env(): info: exporting FSDB_PLI_EXIT_LOAD_FAIL as `1'
1734108328.321192: 32606-7fd3f04e2800: cdpl_farm.c:2749: in cdpl_farm_add_withcap(): debug: added `localhost' (capacity: 1)
1734108328.321200: 32606-7fd3f04e2800: cdpl_server.c:3062: in cdpl_sv_start(): debug: starting server
1734108328.321203: 32606-7fd3f04e2800: cdpl_ipc.c:3237: in cdpl_ipc_start(): debug: starting IPC server 130.192.163.95:34713
1734108328.321276: 32606-7fd3f04e2800: cdpl_server.c:738: in cdpl_sv_new_job(): info: new job J1 in M1
1734108328.321289: 32606-7fd3f04e2800: cdpl_compat_master.c:1340: in _add_worker(): info: new worker type 10, min:1, max:1, cmd:`/opt/synopsys/vcs/U-2023.03-SP2-1/linux64/bin/fcm_worker'
1734108328.321297: 32606-7fd3f04e2800: cdpl_server.c:900: in cdpl_sv_new_bin_withfarm(): info: new bin B1 in J1
1734108328.321333: 32606-7fd3e88c0700: cdpl_server_ipc.c:1056: in _sv_ipc_thread(): debug: ready
1734108328.322158: 32606-7fd3f04e2800: cdpl_server.c:1824: in _sv_gen_task(): info: new task T0 in B1 (prio 0)
1734108328.322169: 32606-7fd3f04e2800: cdpl_compat_master.c:3503: in cdplScheduleTasks(): debug: scheduling tasks
1734108328.322173: 32606-7fd3f04e2800: cdpl_server.c:1230: in cdpl_sv_schedule_all_tasks(): debug: scheduling all tasks
1734108328.322178: 32606-7fd3f04e2800: cdpl_server.c:3116: in cdpl_sv_start_job(): info: starting job J1
1734108328.322183: 32606-7fd3f04e2800: cdpl_server.c:62: in _sv_start_bin(): debug: starting bin B1 (min: 0, max: 1)
1734108328.322222: 32606-7fd3e78be700: cdpl_server_sched.c:2363: in _sv_scheduler_thread(): debug: scheduler for bin B1 started
1734108328.322233: 32606-7fd3e78be700: cdpl_server_sched.c:2324: in _scheduler_run(): debug: will start a new worker
1734108328.322257: 32606-7fd3e78be700: cdpl_farm.c:3449: in cdpl_farm_submit(): debug: 1 running processes
1734108328.322262: 32606-7fd3e78be700: cdpl_farm.c:1821: in _pickahost(): debug: `localhost' now reaches maximum capacity
1734108328.322266: 32606-7fd3e78be700: cdpl_farm.c:3457: in cdpl_farm_submit(): debug: new command C1 in bin B1 assigned to host `localhost'
1734108328.322295: 32606-7fd3e78be700: cdpl_server_sched.c:700: in _sv_launch_worker(): info: started worker W1 (as C1) in bin B1
1734108328.322308: 32606-7fd3e80bf700: cdpl_farm.c:1948: in _schedule(): debug: started
1734108328.322330: 32606-7fd3e80bf700: cdpl_farm.c:1953: in _schedule(): info: worker submit command timeout set to 120 seconds
1734108328.322338: 32606-7fd3e80bf700: cdpl_farm.c:2085: in _schedule(): debug: submitting command C1 in bin B1
1734108328.322346: 32606-7fd3e80bf700: cdpl_sh.c:49: in _sh_detached_submit(): info: SH : /opt/synopsys/vcs/U-2023.03-SP2-1/linux64/bin/fcm_worker
1734108328.324471: 32606-7fd3e80bf700: cdpl_farm.c:2109: in _schedule(): debug: C1 in bin B1 running on slot 0
1734108328.324529: 32606-7fd3e80bf700: cdpl_farm.c:1968: in _schedule(): debug: idle
1734108328.365728: 32606-7fd3e90c1700: cdpl_ipc.c:1679: in _epoll_accept(): debug: new connection from `130.192.163.95:50062'
1734108328.365796: 32606-7fd3e88c0700: cdpl_server_ipc.c:1099: in _sv_ipc_thread(): debug: received ACCEPT notification
1734108328.365815: 32606-7fd3e88c0700: cdpl_ipc.c:2231: in cdpl_ipc_host_accept(): debug: accepted host `130.192.163.95:50062'
1734108328.365928: 32606-7fd3e88c0700: cdpl_server_ipc.c:1120: in _sv_ipc_thread(): debug: received HELLO message
1734108328.365934: 32606-7fd3e88c0700: cdpl_server_ipc.c:342: in _sv_on_hello(): debug: looking up W1
1734108328.365942: 32606-7fd3e88c0700: cdpl_server_ipc.c:452: in _sv_on_hello(): info: W1 is `130.192.163.95:50062'
1734108328.365946: 32606-7fd3e88c0700: cdpl_server_ipc.c:453: in _sv_on_hello(): debug: hello W1 (B1)
1734108328.365950: 32606-7fd3e88c0700: cdpl_server_ipc.c:454: in _sv_on_hello(): info: W1 log file is /home/s329514/TestingAssignment/cv32e40p_assignments/run/vc-z01x/fcm.dir/session0001_2024-12-13-17:44:50_po.polito.it_PID32606/cdpl/worker.W1.po.polito.it.2985.log
1734108328.365963: 32606-7fd3e88c0700: cdpl_server_ipc.c:481: in _sv_on_hello(): info: up to 1 alive workers in B1
1734108328.366002: 32606-7fd3e78be700: cdpl_server_sched.c:955: in _assign(): info: assigning task T0 to worker W1
1734108328.366270: 32606-7fd3e88c0700: cdpl_server_ipc.c:1142: in _sv_ipc_thread(): debug: received RELAY message
1734108328.366278: 32606-7fd3e88c0700: cdpl_server_ipc.c:589: in _sv_on_relay(): debug: RELAY message from W1, size = 55
1734108328.366283: 32606-7fd3e88c0700: cdpl_server_ipc.c:591: in _sv_on_relay(): debug: RELAY message from W1, content = STARTWORKER;0;2985;po.polito.it;1734108328;1734108328;
1734108328.367915: 32606-7fd3e88c0700: cdpl_server_ipc.c:1142: in _sv_ipc_thread(): debug: received RELAY message
1734108328.367922: 32606-7fd3e88c0700: cdpl_server_ipc.c:589: in _sv_on_relay(): debug: RELAY message from W1, size = 53
1734108328.367925: 32606-7fd3e88c0700: cdpl_server_ipc.c:591: in _sv_on_relay(): debug: RELAY message from W1, content = STARTTASK;3;2985;po.polito.it;1734108328;1734108328;
1734108328.624623: 32606-7fd3e80bf700: cdpl_farm.c:2012: in _schedule(): debug: waking up
1734108328.624652: 32606-7fd3e80bf700: cdpl_farm.c:1048: in _onexit(): debug: C1 in bin B1 exited normally on slot 0
1734108328.624660: 32606-7fd3e80bf700: cdpl_farm.c:857: in _release_cmd(): debug: freeing command C1 in bin B1
1734108328.624664: 32606-7fd3e80bf700: cdpl_farm.c:1968: in _schedule(): debug: idle
1734108329.366327: 32606-7fd3e88c0700: cdpl_server_ipc.c:255: in _sv_on_heartbeat(): debug: received HEARTBEAT from worker W1 at 130.192.163.95:50062
1734108358.624762: 32606-7fd3e80bf700: cdpl_farm.c:2012: in _schedule(): debug: waking up
1734108358.624798: 32606-7fd3e80bf700: cdpl_farm.c:1968: in _schedule(): debug: idle
1734108372.449595: 32606-7fd3e88c0700: cdpl_server_ipc.c:1142: in _sv_ipc_thread(): debug: received RELAY message
1734108372.449660: 32606-7fd3e88c0700: cdpl_server_ipc.c:589: in _sv_on_relay(): debug: RELAY message from W1, size = 7
1734108372.449666: 32606-7fd3e88c0700: cdpl_server_ipc.c:591: in _sv_on_relay(): debug: RELAY message from W1, content = INFO;3
1734108372.450320: 32606-7fd3e88c0700: cdpl_server_ipc.c:1125: in _sv_ipc_thread(): debug: received FINISH message
1734108372.450328: 32606-7fd3e88c0700: cdpl_server_ipc.c:857: in _sv_on_finish(): info: worker W1 completed task T0
1734108372.450332: 32606-7fd3e88c0700: cdpl_server_ipc.c:862: in _sv_on_finish(): debug: stat T0: utime=42945 stime=229
1734108372.450335: 32606-7fd3e88c0700: cdpl_server_ipc.c:867: in _sv_on_finish(): debug: statm T0: vsize=273216 rss=3000 shared=2300 text=5340 data=246640
1734108373.334537: 32606-7fd3f04e2800: cdpl_server.c:222: in _sv_free_task_safe(): debug: freeing task T0
1734108373.336035: 32606-7fd3f04e2800: cdpl_server.c:2890: in cdpl_sv_halt_job_errno(): info: stopping job J1
1734108373.336043: 32606-7fd3f04e2800: cdpl_server.c:2911: in cdpl_sv_halt_job_errno(): debug: signal bin B1 scheduler to stop
1734108373.336115: 32606-7fd3e78be700: cdpl_server_sched.c:2365: in _sv_scheduler_thread(): debug: scheduler for bin B1 stopped
1734108373.336168: 32606-7fd3e78be700: cdpl_ipc.c:1474: in _host_drop__UNSAFE(): debug: dropping host `130.192.163.95:50062'
1734108373.336287: 32606-7fd3e78be700: cdpl_server_sched.c:2711: in _sv_drop_worker(): info: down to 0 alive workers in B1
1734108373.336297: 32606-7fd3e78be700: cdpl_farm.c:3624: in cdpl_farm_dismiss(): debug: down to 0 running processes
1734108373.336303: 32606-7fd3e78be700: cdpl_farm.c:1873: in _unpickhost(): debug: `localhost' is once again available
1734108373.336310: 32606-7fd3e78be700: cdpl_server_sched.c:114: in _free_worker_2(): debug: freeing worker W1
1734108373.336316: 32606-7fd3e78be700: cdpl_ipc.c:2249: in cdpl_ipc_host_release(): debug: releasing host `130.192.163.95:50062'
1734108373.336364: 32606-7fd3f04e2800: cdpl_server.c:288: in _sv_free_job(): info: freeing job J1
1734108373.336376: 32606-7fd3f04e2800: cdpl_server.c:92: in _sv_free_bin(): debug: freeing bin B1
1734108373.336386: 32606-7fd3f04e2800: cdpl_farm.c:2478: in cdpl_farm_free(): info: freeing farm
1734108373.336406: 32606-7fd3e80bf700: cdpl_farm.c:2012: in _schedule(): debug: waking up
1734108373.336412: 32606-7fd3e80bf700: cdpl_farm.c:2019: in _schedule(): debug: dying
1734108373.336438: 32606-7fd3e88c0700: cdpl_server_ipc.c:1110: in _sv_ipc_thread(): debug: received DROP notification
1734108373.336497: 32606-7fd3f04e2800: cdpl_farm.c:903: in _killall(): debug: killing all remaining commands
1734108373.336507: 32606-7fd3f04e2800: cdpl_server.c:3011: in cdpl_sv_free(): info: freeing server S1302887760
1734108373.336512: 32606-7fd3f04e2800: cdpl_server.c:2976: in cdpl_sv_kill_errno(): info: killing server
1734108373.336516: 32606-7fd3f04e2800: cdpl_ipc.c:3282: in cdpl_ipc_kill(): debug: stopping event server
1734108373.336613: 32606-7fd3e90c1700: cdpl_ipc.c:2188: in _epoll_main(): debug: server going down...
1734108373.336666: 32606-7fd3e88c0700: cdpl_server_ipc.c:1074: in _sv_ipc_thread(): debug: leaving now
1734108373.336711: 32606-7fd3f04e2800: cdpl_server.c:328: in _sv_free_master(): info: freeing master M1
1734108373.336724: 32606-7fd3f04e2800: cdpl_hash.c:68: in cdpl_h_destroy(): debug: put operations: 1
1734108373.336729: 32606-7fd3f04e2800: cdpl_hash.c:69: in cdpl_h_destroy(): debug: put collisions: 0
1734108373.336733: 32606-7fd3f04e2800: cdpl_hash.c:70: in cdpl_h_destroy(): debug: get operations: 0
1734108373.336737: 32606-7fd3f04e2800: cdpl_hash.c:71: in cdpl_h_destroy(): debug: get iterations: 0
1734108373.336745: 32606-7fd3f04e2800: cdpl_monitor.c:1328: in cdpl_mn_free(): debug: freeing monitor server
1734108373.336750: 32606-7fd3f04e2800: cdpl_ipc.c:3333: in cdpl_ipc_free(): debug: releasing IPC handle
1734108373.336754: 32606-7fd3f04e2800: cdpl_ipc.c:1399: in _host_free__UNSAFE(): debug: freeing host `130.192.163.95:50062'
1734108373.336767: 32606-7fd3f04e2800: cdpl_ipc.c:1438: in _host_free__UNSAFE(): debug: [0 outq, 0 spR, 0 spW]
1734108373.336798: 32606-7fd3f04e2800: cdpl_ipc.c:3372: in cdpl_ipc_free(): debug: done
1734108373.336803: 32606-7fd3f04e2800: cdpl_log.c:374: in cdpl_log_close(): info: @@end_of_log@@
