1734108290.581203: 32680-7f304cbf6740: cdpl_log.c:231: in cdpl_log_open(): info: @@start_of_log@@
1734108290.581227: 32680-7f304cbf6740: cdpl_log.c:869: in cdpl_log_dump_sysinfo(): info: time: 2024/12/13 17:44:50 CET +0100
1734108290.581232: 32680-7f304cbf6740: cdpl_log.c:871: in cdpl_log_dump_sysinfo(): info: version: T-2022.03-SP1-2 
1734108290.581236: 32680-7f304cbf6740: cdpl_log.c:873: in cdpl_log_dump_sysinfo(): info: system: Linux 3.10.0-1160.92.1.el7.x86_64 #1 SMP Tue Jun 20 11:48:01 UTC 2023
1734108290.581239: 32680-7f304cbf6740: cdpl_log.c:878: in cdpl_log_dump_sysinfo(): info: processor: x86_64 64-bits
1734108290.581242: 32680-7f304cbf6740: cdpl_log.c:882: in cdpl_log_dump_sysinfo(): info: hostname: po.polito.it
1734108290.581245: 32680-7f304cbf6740: cdpl_log.c:233: in cdpl_log_open(): debug: path: /home/s329514/TestingAssignment/cv32e40p_assignments/run/vc-z01x/fcm.dir/session0001_2024-12-13-17:44:50_po.polito.it_PID32606/cdpl/worker.W1.po.polito.it.32680.log
1734108290.581249: 32680-7f304cbf6740: cdpl_log.c:234: in cdpl_log_open(): debug: dir: /home/s329514/TestingAssignment/cv32e40p_assignments/run/vc-z01x/fcm.dir/session0001_2024-12-13-17:44:50_po.polito.it_PID32606/cdpl
1734108290.581256: 32680-7f304cbf6740: cdpl_worker.c:916: in cdpl_wk_new(): info: creating worker instance
1734108290.581267: 32680-7f304cbf6740: cdpl_ipc.c:3090: in cdpl_ipc_init(): info: requesting IPv4 protocol
1734108290.582375: 32680-7f304cbf6740: cdpl_ipc.c:807: in _selectaddrfamily(): info: selected IPv4 protocol
1734108290.582977: 32680-7f304cbf6740: cdpl_worker.c:1150: in cdpl_wk_start(): debug: starting worker
1734108290.582986: 32680-7f304cbf6740: cdpl_worker.c:329: in cdpl_wk_setup(): info: CDPL_SERVER is "130.192.163.95:37141"
1734108290.582989: 32680-7f304cbf6740: cdpl_worker.c:351: in cdpl_wk_setup(): info: server 130.192.163.95, port 37141
1734108290.582993: 32680-7f304cbf6740: cdpl_worker.c:372: in cdpl_wk_setup(): info: CDPL_ID is "1:1:1:1:582776731"
1734108290.583001: 32680-7f304cbf6740: cdpl_worker.c:414: in cdpl_wk_setup(): info: we are W1-B1-J1-M1-S582776731
1734108290.583004: 32680-7f304cbf6740: cdpl_worker.c:422: in cdpl_wk_setup(): info: we are on host po.polito.it
1734108290.583007: 32680-7f304cbf6740: cdpl_worker.c:448: in cdpl_wk_daemonize(): debug: will *not* daemonize
1734108290.583012: 32680-7f304cbf6740: cdpl_ipc.c:3394: in cdpl_ipc_connect(): info: connecting to 130.192.163.95:37141
1734108290.583076: 32680-7f304cbf6740: cdpl_ipc.c:3465: in cdpl_ipc_connect(): info: connected as `130.192.163.95:42508'
1734108290.583088: 32680-7f304cbf6740: cdpl_ipc.c:2231: in cdpl_ipc_host_accept(): debug: accepted host `130.192.163.95:37141'
1734108290.583099: 32680-7f304cbf6740: cdpl_ipc.c:3237: in cdpl_ipc_start(): debug: starting IPC server 130.192.163.95:45581
1734108290.583169: 32680-7f304cbf6740: cdpl_compat_worker.c:433: in cdplStartWorker(): info: SNPSLMD_LICENSE_FILE is 27020@led-x3850-3.polito.it
1734108290.583203: 32680-7f304aecc700: cdpl_worker.c:716: in cdpl_wk_listen(): debug: ready
1734108290.583238: 32680-7f304a6cb700: cdpl_worker.c:844: in cdpl_wk_heartbeat(): debug: starting heartbeat
1734108290.583259: 32680-7f304a6cb700: cdpl_worker.c:853: in cdpl_wk_heartbeat(): info: setting heartbeat period to 300 sec
1734108290.583265: 32680-7f304a6cb700: cdpl_worker.c:861: in cdpl_wk_heartbeat(): info: first heartbeat in 1 sec
1734108290.583641: 32680-7f304aecc700: cdpl_worker.c:773: in cdpl_wk_listen(): debug: received ASSIGN message
1734108290.583692: 32680-7f304cbf6740: cdpl_worker.c:1317: in cdpl_wk_wait_timeout(): info: starting task T0
1734108316.590863: 32680-7f304cbf6740: cdpl_ipc.c:2329: in cdpl_ipc_host_timedsync(): debug: entering cdpl_ipc_host_timedsync() with no timeout
1734108316.590873: 32680-7f304cbf6740: cdpl_ipc.c:2355: in cdpl_ipc_host_timedsync(): debug: sync start #1
1734108316.591117: 32680-7f304aecc700: cdpl_ipc.c:2636: in cdpl_ipc_msg_wait(): debug: received ACK
1734108316.591167: 32680-7f304cbf6740: cdpl_ipc.c:2385: in cdpl_ipc_host_timedsync(): debug: sync end #1
1734108316.591178: 32680-7f304cbf6740: cdpl_ipc.c:2414: in cdpl_ipc_host_timedsync(): debug: leaving cdpl_ipc_host_timedsync()
1734108316.591269: 32680-7f304cbf6740: cdpl_worker.c:1433: in cdpl_wk_finalize(): info: finishing task T0
1734108316.591510: 32680-7f304aecc700: cdpl_worker.c:773: in cdpl_wk_listen(): debug: received ASSIGN message
1734108316.591564: 32680-7f304cbf6740: cdpl_worker.c:1317: in cdpl_wk_wait_timeout(): info: starting task T1
1734108325.598036: 32680-7f304cbf6740: cdpl_ipc.c:2329: in cdpl_ipc_host_timedsync(): debug: entering cdpl_ipc_host_timedsync() with no timeout
1734108325.598049: 32680-7f304cbf6740: cdpl_ipc.c:2355: in cdpl_ipc_host_timedsync(): debug: sync start #2
1734108325.598485: 32680-7f304aecc700: cdpl_ipc.c:2636: in cdpl_ipc_msg_wait(): debug: received ACK
1734108325.598569: 32680-7f304cbf6740: cdpl_ipc.c:2385: in cdpl_ipc_host_timedsync(): debug: sync end #2
1734108325.598583: 32680-7f304cbf6740: cdpl_ipc.c:2414: in cdpl_ipc_host_timedsync(): debug: leaving cdpl_ipc_host_timedsync()
1734108325.598681: 32680-7f304cbf6740: cdpl_worker.c:1433: in cdpl_wk_finalize(): info: finishing task T1
1734108326.556078: 32680-7f304b6cd700: cdpl_ipc.c:745: in _readv(): warning: read(): EOF
1734108326.556150: 32680-7f304b6cd700: cdpl_ipc.c:1917: in _epoll_recv(): debug: _readv(): Broken pipe
1734108326.556158: 32680-7f304b6cd700: cdpl_ipc.c:2152: in _epoll_main(): debug: _epoll_recv(): Broken pipe
1734108326.556175: 32680-7f304b6cd700: cdpl_ipc.c:1474: in _host_drop__UNSAFE(): debug: dropping host `130.192.163.95:37141'
1734108326.556427: 32680-7f304aecc700: cdpl_worker.c:749: in cdpl_wk_listen(): debug: received DROP notification
1734108326.556442: 32680-7f304aecc700: cdpl_worker.c:753: in cdpl_wk_listen(): debug: we were dropped by the server
1734108326.556447: 32680-7f304aecc700: cdpl_worker.c:568: in _wk_kill(): debug: killing worker
1734108326.556451: 32680-7f304aecc700: cdpl_ipc.c:3282: in cdpl_ipc_kill(): debug: stopping event server
1734108326.556475: 32680-7f304aecc700: cdpl_worker.c:730: in cdpl_wk_listen(): debug: leaving now
1734108326.556538: 32680-7f304cbf6740: cdpl_ipc.c:1255: in _ipc_enqueue__UNSAFE(): error: host has been dropped
1734108326.556596: 32680-7f304b6cd700: cdpl_ipc.c:2188: in _epoll_main(): debug: server going down...
1734108326.556618: 32680-7f304cbf6740: cdpl_worker.c:1635: in cdpl_wk_msgsend(): error: cdpl_ipc_send(): Transport endpoint is not connected
1734108326.556849: 32680-7f304cbf6740: cdpl_worker.c:1049: in _wk_shutdown(): debug: waiting for heartbeat thread
1734108326.557018: 32680-7f304a6cb700: cdpl_worker.c:897: in cdpl_wk_heartbeat(): info: stopping heartbeat
1734108326.557094: 32680-7f304cbf6740: cdpl_ipc.c:2249: in cdpl_ipc_host_release(): debug: releasing host `130.192.163.95:37141'
1734108326.557105: 32680-7f304cbf6740: cdpl_ipc.c:2265: in cdpl_ipc_host_release(): debug: scheduling for immediate release
1734108326.557122: 32680-7f304cbf6740: cdpl_monitor.c:1328: in cdpl_mn_free(): debug: freeing monitor server
1734108326.557128: 32680-7f304cbf6740: cdpl_ipc.c:3333: in cdpl_ipc_free(): debug: releasing IPC handle
1734108326.557133: 32680-7f304cbf6740: cdpl_ipc.c:1399: in _host_free__UNSAFE(): debug: freeing host `130.192.163.95:37141'
1734108326.557137: 32680-7f304cbf6740: cdpl_ipc.c:1438: in _host_free__UNSAFE(): debug: [0 outq, 0 spR, 0 spW]
1734108326.557157: 32680-7f304cbf6740: cdpl_ipc.c:3372: in cdpl_ipc_free(): debug: done
1734108326.557164: 32680-7f304cbf6740: cdpl_worker.c:1137: in cdpl_wk_free(): info: freed
1734108326.557168: 32680-7f304cbf6740: cdpl_log.c:374: in cdpl_log_close(): info: @@end_of_log@@
