1734108328.363814: 2985-7f8a86ddc740: cdpl_log.c:231: in cdpl_log_open(): info: @@start_of_log@@
1734108328.363837: 2985-7f8a86ddc740: cdpl_log.c:869: in cdpl_log_dump_sysinfo(): info: time: 2024/12/13 17:45:28 CET +0100
1734108328.363841: 2985-7f8a86ddc740: cdpl_log.c:871: in cdpl_log_dump_sysinfo(): info: version: T-2022.03-SP1-2 
1734108328.363845: 2985-7f8a86ddc740: cdpl_log.c:873: in cdpl_log_dump_sysinfo(): info: system: Linux 3.10.0-1160.92.1.el7.x86_64 #1 SMP Tue Jun 20 11:48:01 UTC 2023
1734108328.363849: 2985-7f8a86ddc740: cdpl_log.c:878: in cdpl_log_dump_sysinfo(): info: processor: x86_64 64-bits
1734108328.363851: 2985-7f8a86ddc740: cdpl_log.c:882: in cdpl_log_dump_sysinfo(): info: hostname: po.polito.it
1734108328.363855: 2985-7f8a86ddc740: cdpl_log.c:233: in cdpl_log_open(): debug: path: /home/s329514/TestingAssignment/cv32e40p_assignments/run/vc-z01x/fcm.dir/session0001_2024-12-13-17:44:50_po.polito.it_PID32606/cdpl/worker.W1.po.polito.it.2985.log
1734108328.363858: 2985-7f8a86ddc740: cdpl_log.c:234: in cdpl_log_open(): debug: dir: /home/s329514/TestingAssignment/cv32e40p_assignments/run/vc-z01x/fcm.dir/session0001_2024-12-13-17:44:50_po.polito.it_PID32606/cdpl
1734108328.363865: 2985-7f8a86ddc740: cdpl_worker.c:916: in cdpl_wk_new(): info: creating worker instance
1734108328.363877: 2985-7f8a86ddc740: cdpl_ipc.c:3090: in cdpl_ipc_init(): info: requesting IPv4 protocol
1734108328.364960: 2985-7f8a86ddc740: cdpl_ipc.c:807: in _selectaddrfamily(): info: selected IPv4 protocol
1734108328.365579: 2985-7f8a86ddc740: cdpl_worker.c:1150: in cdpl_wk_start(): debug: starting worker
1734108328.365588: 2985-7f8a86ddc740: cdpl_worker.c:329: in cdpl_wk_setup(): info: CDPL_SERVER is "130.192.163.95:34713"
1734108328.365592: 2985-7f8a86ddc740: cdpl_worker.c:351: in cdpl_wk_setup(): info: server 130.192.163.95, port 34713
1734108328.365595: 2985-7f8a86ddc740: cdpl_worker.c:372: in cdpl_wk_setup(): info: CDPL_ID is "1:1:1:1:1302887760"
1734108328.365604: 2985-7f8a86ddc740: cdpl_worker.c:414: in cdpl_wk_setup(): info: we are W1-B1-J1-M1-S1302887760
1734108328.365608: 2985-7f8a86ddc740: cdpl_worker.c:422: in cdpl_wk_setup(): info: we are on host po.polito.it
1734108328.365611: 2985-7f8a86ddc740: cdpl_worker.c:448: in cdpl_wk_daemonize(): debug: will *not* daemonize
1734108328.365615: 2985-7f8a86ddc740: cdpl_ipc.c:3394: in cdpl_ipc_connect(): info: connecting to 130.192.163.95:34713
1734108328.365683: 2985-7f8a86ddc740: cdpl_ipc.c:3465: in cdpl_ipc_connect(): info: connected as `130.192.163.95:50062'
1734108328.365694: 2985-7f8a86ddc740: cdpl_ipc.c:2231: in cdpl_ipc_host_accept(): debug: accepted host `130.192.163.95:34713'
1734108328.365704: 2985-7f8a86ddc740: cdpl_ipc.c:3237: in cdpl_ipc_start(): debug: starting IPC server 130.192.163.95:45819
1734108328.365788: 2985-7f8a86ddc740: cdpl_compat_worker.c:433: in cdplStartWorker(): info: SNPSLMD_LICENSE_FILE is 27020@led-x3850-3.polito.it
1734108328.365806: 2985-7f8a850b2700: cdpl_worker.c:716: in cdpl_wk_listen(): debug: ready
1734108328.365872: 2985-7f8a848b1700: cdpl_worker.c:844: in cdpl_wk_heartbeat(): debug: starting heartbeat
1734108328.365903: 2985-7f8a848b1700: cdpl_worker.c:853: in cdpl_wk_heartbeat(): info: setting heartbeat period to 300 sec
1734108328.365913: 2985-7f8a848b1700: cdpl_worker.c:861: in cdpl_wk_heartbeat(): info: first heartbeat in 1 sec
1734108328.366197: 2985-7f8a850b2700: cdpl_worker.c:773: in cdpl_wk_listen(): debug: received ASSIGN message
1734108328.366233: 2985-7f8a86ddc740: cdpl_worker.c:1317: in cdpl_wk_wait_timeout(): info: starting task T0
1734108372.449326: 2985-7f8a86ddc740: cdpl_ipc.c:2329: in cdpl_ipc_host_timedsync(): debug: entering cdpl_ipc_host_timedsync() with no timeout
1734108372.449340: 2985-7f8a86ddc740: cdpl_ipc.c:2355: in cdpl_ipc_host_timedsync(): debug: sync start #1
1734108372.449919: 2985-7f8a850b2700: cdpl_ipc.c:2636: in cdpl_ipc_msg_wait(): debug: received ACK
1734108372.450009: 2985-7f8a86ddc740: cdpl_ipc.c:2385: in cdpl_ipc_host_timedsync(): debug: sync end #1
1734108372.450022: 2985-7f8a86ddc740: cdpl_ipc.c:2414: in cdpl_ipc_host_timedsync(): debug: leaving cdpl_ipc_host_timedsync()
1734108372.450147: 2985-7f8a86ddc740: cdpl_worker.c:1433: in cdpl_wk_finalize(): info: finishing task T0
1734108373.336327: 2985-7f8a858b3700: cdpl_ipc.c:745: in _readv(): warning: read(): EOF
1734108373.336393: 2985-7f8a858b3700: cdpl_ipc.c:1917: in _epoll_recv(): debug: _readv(): Broken pipe
1734108373.336399: 2985-7f8a858b3700: cdpl_ipc.c:2152: in _epoll_main(): debug: _epoll_recv(): Broken pipe
1734108373.336418: 2985-7f8a858b3700: cdpl_ipc.c:1474: in _host_drop__UNSAFE(): debug: dropping host `130.192.163.95:34713'
1734108373.336712: 2985-7f8a850b2700: cdpl_worker.c:749: in cdpl_wk_listen(): debug: received DROP notification
1734108373.336730: 2985-7f8a850b2700: cdpl_worker.c:753: in cdpl_wk_listen(): debug: we were dropped by the server
1734108373.336737: 2985-7f8a850b2700: cdpl_worker.c:568: in _wk_kill(): debug: killing worker
1734108373.336743: 2985-7f8a850b2700: cdpl_ipc.c:3282: in cdpl_ipc_kill(): debug: stopping event server
1734108373.336774: 2985-7f8a850b2700: cdpl_worker.c:730: in cdpl_wk_listen(): debug: leaving now
1734108373.336837: 2985-7f8a86ddc740: cdpl_ipc.c:1255: in _ipc_enqueue__UNSAFE(): error: host has been dropped
1734108373.336853: 2985-7f8a86ddc740: cdpl_worker.c:1635: in cdpl_wk_msgsend(): error: cdpl_ipc_send(): Transport endpoint is not connected
1734108373.336883: 2985-7f8a86ddc740: cdpl_worker.c:1049: in _wk_shutdown(): debug: waiting for heartbeat thread
1734108373.336897: 2985-7f8a858b3700: cdpl_ipc.c:2188: in _epoll_main(): debug: server going down...
1734108373.336927: 2985-7f8a848b1700: cdpl_worker.c:897: in cdpl_wk_heartbeat(): info: stopping heartbeat
1734108373.336968: 2985-7f8a86ddc740: cdpl_ipc.c:2249: in cdpl_ipc_host_release(): debug: releasing host `130.192.163.95:34713'
1734108373.336978: 2985-7f8a86ddc740: cdpl_ipc.c:2265: in cdpl_ipc_host_release(): debug: scheduling for immediate release
1734108373.336994: 2985-7f8a86ddc740: cdpl_monitor.c:1328: in cdpl_mn_free(): debug: freeing monitor server
1734108373.337000: 2985-7f8a86ddc740: cdpl_ipc.c:3333: in cdpl_ipc_free(): debug: releasing IPC handle
1734108373.337003: 2985-7f8a86ddc740: cdpl_ipc.c:1399: in _host_free__UNSAFE(): debug: freeing host `130.192.163.95:34713'
1734108373.337007: 2985-7f8a86ddc740: cdpl_ipc.c:1438: in _host_free__UNSAFE(): debug: [0 outq, 0 spR, 0 spW]
1734108373.337025: 2985-7f8a86ddc740: cdpl_ipc.c:3372: in cdpl_ipc_free(): debug: done
1734108373.337068: 2985-7f8a86ddc740: cdpl_worker.c:1137: in cdpl_wk_free(): info: freed
1734108373.337074: 2985-7f8a86ddc740: cdpl_log.c:374: in cdpl_log_close(): info: @@end_of_log@@
